#
# A fatal error has been detected by the Java Runtime Environment:
#
#  EXCEPTION_UNCAUGHT_CXX_EXCEPTION (0xe06d7363) at pc=0x00007ffc44b19e08, pid=8736, tid=0x00000000000012b4
#
# JRE version: Java(TM) SE Runtime Environment (8.0_144-b01) (build 1.8.0_144-b01)
# Java VM: Java HotSpot(TM) 64-Bit Server VM (25.144-b01 mixed mode windows-amd64 compressed oops)
# Problematic frame:
# C  [KERNELBASE.dll+0x69e08]
#
# Failed to write core dump. Minidumps are not enabled by default on client versions of Windows
#
# If you would like to submit a bug report, please visit:
#   http://bugreport.java.com/bugreport/crash.jsp
# The crash happened outside the Java Virtual Machine in native code.
# See problematic frame for where to report the bug.
#

---------------  T H R E A D  ---------------

Current thread (0x0000000002530800):  JavaThread "main" [_thread_in_native, id=4788, stack(0x0000000002400000,0x0000000002500000)]

siginfo: ExceptionCode=0xe06d7363, ExceptionInformation=0x0000000019930520 0x00000000024ef2a0 0x00007ffc246fcd78 0x00007ffc244b0000 

Registers:
RAX=0x0000000050985061, RBX=0x00007ffc246fcd78, RCX=0x00000000167f3888, RDX=0x00000000024eec80
RSP=0x00000000024ef110, RBP=0x00000000024ef250, RSI=0x00007ffc0af21238, RDI=0x00000000024ef2a0
R8 =0x0000000002530800, R9 =0x0000000016a6c448, R10=0x0000000002530800, R11=0x0000000000840150
R12=0x00000000ffffff29, R13=0x0000000000000000, R14=0x00007ffc0af20b80, R15=0x00000000024ff440
RIP=0x00007ffc44b19e08, EFLAGS=0x0000000000000206

Top of Stack: (sp=0x00000000024ef110)
0x00000000024ef110:   00000000168086d0 00007ffc246fcd78
0x00000000024ef120:   00007ffc0af21238 00000000024ef2a0
0x00000000024ef130:   00000001e06d7363 0000000000000000
0x00000000024ef140:   00007ffc44b19e08 0000000000000004
0x00000000024ef150:   0000000019930520 00000000024ef2a0
0x00000000024ef160:   00007ffc246fcd78 00007ffc244b0000
0x00000000024ef170:   00007ffc0af20b80 00000000ffffff29
0x00000000024ef180:   00000000024ef2a0 00007ffc0af21238
0x00000000024ef190:   00000000024ef250 00007ffc479cba13
0x00000000024ef1a0:   00000000024ef260 00007ffc00000000
0x00000000024ef1b0:   00000000024ef2a0 00007ffc2479d306
0x00000000024ef1c0:   00007ffc2471f000 00007ffc244b0000
0x00000000024ef1d0:   000030ff77bc04c8 00007ffc2481c4d0
0x00000000024ef1e0:   00007ffc246fcd78 00007ffc2479ef63
0x00000000024ef1f0:   00000000024ef2a0 00007ffc2476eb8d
0x00000000024ef200:   00007ffc2481c4d0 00007ffc0af21238 

Instructions: (pc=0x00007ffc44b19e08)
0x00007ffc44b19de8:   49 8b d1 44 0f 47 c0 44 89 44 24 38 49 c1 e0 03
0x00007ffc44b19df8:   e8 1b db 01 00 48 8d 4c 24 20 ff 15 d0 c7 0f 00
0x00007ffc44b19e08:   48 8b 8c 24 c0 00 00 00 48 33 cc e8 78 b0 01 00
0x00007ffc44b19e18:   48 81 c4 d8 00 00 00 c3 83 64 24 38 00 eb d6 cc 


Register to memory mapping:

RAX=0x0000000050985061 is an unknown value
RBX=0x00007ffc246fcd78 is an unknown value
RCX={method} {0x00000000167f3890} 'addClass' '(Ljava/lang/Class;)V' in 'java/lang/ClassLoader'
RDX=0x00000000024eec80 is pointing into the stack for thread: 0x0000000002530800
RSP=0x00000000024ef110 is pointing into the stack for thread: 0x0000000002530800
RBP=0x00000000024ef250 is pointing into the stack for thread: 0x0000000002530800
RSI=0x00007ffc0af21238 is an unknown value
RDI=0x00000000024ef2a0 is pointing into the stack for thread: 0x0000000002530800
R8 =0x0000000002530800 is a thread
R9 =0x0000000016a6c448 is pointing into metadata
R10=0x0000000002530800 is a thread
R11=0x0000000000840150 is an unknown value
R12=0x00000000ffffff29 is an unallocated location in the heap
R13=0x0000000000000000 is an unknown value
R14=0x00007ffc0af20b80 is an unknown value
R15=0x00000000024ff440 is pointing into the stack for thread: 0x0000000002530800


Stack: [0x0000000002400000,0x0000000002500000],  sp=0x00000000024ef110,  free space=956k
Native frames: (J=compiled Java code, j=interpreted, Vv=VM code, C=native code)
C  [KERNELBASE.dll+0x69e08]
C  [msvcr120.dll+0x5ef63]
C  [opencv_core320.dll+0x1a2c34]
C  [opencv_core320.dll+0x1a2d76]
C  [opencv_imgproc320.dll+0x46c7a]
C  [jniopencv_imgproc.dll+0x6e52d]
C  0x0000000002717f74

Java frames: (J=compiled Java code, j=interpreted, Vv=VM code)
j  org.bytedeco.javacpp.opencv_imgproc.cvCvtColor(Lorg/bytedeco/javacpp/helper/opencv_core$CvArr;Lorg/bytedeco/javacpp/helper/opencv_core$CvArr;I)V+0
j  Program.main([Ljava/lang/String;)V+29
v  ~StubRoutines::call_stub

---------------  P R O C E S S  ---------------

Java Threads: ( => current thread )
  0x00000000191f9000 JavaThread "JavaCPP Deallocator" daemon [_thread_blocked, id=4792, stack(0x00000000198c0000,0x00000000199c0000)]
  0x0000000018ae0800 JavaThread "Service Thread" daemon [_thread_blocked, id=18076, stack(0x0000000018ec0000,0x0000000018fc0000)]
  0x000000001718a800 JavaThread "C1 CompilerThread2" daemon [_thread_blocked, id=16512, stack(0x00000000189c0000,0x0000000018ac0000)]
  0x0000000017181800 JavaThread "C2 CompilerThread1" daemon [_thread_blocked, id=8536, stack(0x00000000188c0000,0x00000000189c0000)]
  0x000000001717f000 JavaThread "C2 CompilerThread0" daemon [_thread_blocked, id=16988, stack(0x00000000187c0000,0x00000000188c0000)]
  0x000000001717d800 JavaThread "Attach Listener" daemon [_thread_blocked, id=16432, stack(0x00000000186c0000,0x00000000187c0000)]
  0x000000001717c000 JavaThread "Signal Dispatcher" daemon [_thread_blocked, id=12160, stack(0x00000000185c0000,0x00000000186c0000)]
  0x000000001716a800 JavaThread "Finalizer" daemon [_thread_blocked, id=9368, stack(0x00000000183d0000,0x00000000184d0000)]
  0x0000000002620000 JavaThread "Reference Handler" daemon [_thread_blocked, id=14960, stack(0x00000000182d0000,0x00000000183d0000)]
=>0x0000000002530800 JavaThread "main" [_thread_in_native, id=4788, stack(0x0000000002400000,0x0000000002500000)]

Other Threads:
  0x0000000017149000 VMThread [stack: 0x00000000181d0000,0x00000000182d0000] [id=14780]
  0x0000000018b14000 WatcherThread [stack: 0x0000000018fc0000,0x00000000190c0000] [id=14916]

VM state:not at safepoint (normal execution)

VM Mutex/Monitor currently owned by a thread: None

Heap:
 PSYoungGen      total 37888K, used 10680K [0x00000000d6400000, 0x00000000d8e00000, 0x0000000100000000)
  eden space 32768K, 32% used [0x00000000d6400000,0x00000000d6e6e228,0x00000000d8400000)
  from space 5120K, 0% used [0x00000000d8900000,0x00000000d8900000,0x00000000d8e00000)
  to   space 5120K, 0% used [0x00000000d8400000,0x00000000d8400000,0x00000000d8900000)
 ParOldGen       total 86016K, used 0K [0x0000000082c00000, 0x0000000088000000, 0x00000000d6400000)
  object space 86016K, 0% used [0x0000000082c00000,0x0000000082c00000,0x0000000088000000)
 Metaspace       used 6042K, capacity 6656K, committed 6912K, reserved 1056768K
  class space    used 648K, capacity 688K, committed 768K, reserved 1048576K

Card table byte_map: [0x0000000011ac0000,0x0000000011eb0000] byte_map_base: 0x00000000116aa000

Marking Bits: (ParMarkBitMap*) 0x0000000050f8d850
 Begin Bits: [0x0000000012550000, 0x00000000144a0000)
 End Bits:   [0x00000000144a0000, 0x00000000163f0000)

Polling page: 0x0000000000830000

CodeCache: size=245760Kb used=2255Kb max_used=2273Kb free=243504Kb
 bounds [0x0000000002700000, 0x0000000002970000, 0x0000000011700000]
 total_blobs=802 nmethods=409 adapters=306
 compilation: enabled

Compilation events (10 events):
Event: 0.751 Thread 0x000000001718a800  403       3       java.lang.ThreadLocal::getMap (5 bytes)
Event: 0.752 Thread 0x000000001718a800 nmethod 403 0x0000000002916010 code [0x0000000002916160, 0x00000000029162b0]
Event: 0.752 Thread 0x000000001718a800  404       3       java.net.URI$Parser::at (20 bytes)
Event: 0.752 Thread 0x000000001718a800 nmethod 404 0x0000000002916e90 code [0x0000000002917020, 0x0000000002917468]
Event: 0.754 Thread 0x000000001718a800  405       3       java.net.URI$Parser::checkChars (44 bytes)
Event: 0.755 Thread 0x000000001718a800 nmethod 405 0x0000000002924e10 code [0x0000000002925000, 0x0000000002925928]
Event: 0.760 Thread 0x000000001718a800  408       3       java.lang.ThreadLocal::get (38 bytes)
Event: 0.760 Thread 0x000000001718a800 nmethod 408 0x0000000002931ad0 code [0x0000000002931c60, 0x0000000002931fb8]
Event: 0.764 Thread 0x000000001718a800  409       3       java.util.Vector::elementData (7 bytes)
Event: 0.764 Thread 0x000000001718a800 nmethod 409 0x0000000002932190 code [0x00000000029322e0, 0x0000000002932450]

GC Heap History (0 events):
No events

Deoptimization events (0 events):
No events

Internal exceptions (10 events):
Event: 0.187 Thread 0x0000000002530800 Exception <a 'java/security/PrivilegedActionException'> (0x00000000d65606c0) thrown at [C:\re\workspace\8-2-build-windows-amd64-cygwin\jdk8u144\9417\hotspot\src\share\vm\prims\jvm.cpp, line 1390]
Event: 0.187 Thread 0x0000000002530800 Exception <a 'java/security/PrivilegedActionException'> (0x00000000d65608d0) thrown at [C:\re\workspace\8-2-build-windows-amd64-cygwin\jdk8u144\9417\hotspot\src\share\vm\prims\jvm.cpp, line 1390]
Event: 0.187 Thread 0x0000000002530800 Exception <a 'java/security/PrivilegedActionException'> (0x00000000d6561658) thrown at [C:\re\workspace\8-2-build-windows-amd64-cygwin\jdk8u144\9417\hotspot\src\share\vm\prims\jvm.cpp, line 1390]
Event: 0.187 Thread 0x0000000002530800 Exception <a 'java/security/PrivilegedActionException'> (0x00000000d6561868) thrown at [C:\re\workspace\8-2-build-windows-amd64-cygwin\jdk8u144\9417\hotspot\src\share\vm\prims\jvm.cpp, line 1390]
Event: 0.188 Thread 0x0000000002530800 Exception <a 'java/security/PrivilegedActionException'> (0x00000000d65626c0) thrown at [C:\re\workspace\8-2-build-windows-amd64-cygwin\jdk8u144\9417\hotspot\src\share\vm\prims\jvm.cpp, line 1390]
Event: 0.188 Thread 0x0000000002530800 Exception <a 'java/security/PrivilegedActionException'> (0x00000000d65628d0) thrown at [C:\re\workspace\8-2-build-windows-amd64-cygwin\jdk8u144\9417\hotspot\src\share\vm\prims\jvm.cpp, line 1390]
Event: 0.238 Thread 0x0000000002530800 Exception <a 'java/security/PrivilegedActionException'> (0x00000000d6603998) thrown at [C:\re\workspace\8-2-build-windows-amd64-cygwin\jdk8u144\9417\hotspot\src\share\vm\prims\jvm.cpp, line 1390]
Event: 0.239 Thread 0x0000000002530800 Exception <a 'java/security/PrivilegedActionException'> (0x00000000d6603ba8) thrown at [C:\re\workspace\8-2-build-windows-amd64-cygwin\jdk8u144\9417\hotspot\src\share\vm\prims\jvm.cpp, line 1390]
Event: 0.240 Thread 0x0000000002530800 Exception <a 'java/security/PrivilegedActionException'> (0x00000000d6607818) thrown at [C:\re\workspace\8-2-build-windows-amd64-cygwin\jdk8u144\9417\hotspot\src\share\vm\prims\jvm.cpp, line 1390]
Event: 0.240 Thread 0x0000000002530800 Exception <a 'java/security/PrivilegedActionException'> (0x00000000d6607a28) thrown at [C:\re\workspace\8-2-build-windows-amd64-cygwin\jdk8u144\9417\hotspot\src\share\vm\prims\jvm.cpp, line 1390]

Events (10 events):
Event: 0.709 loading class java/nio/IntBuffer
Event: 0.709 loading class java/nio/IntBuffer done
Event: 0.709 loading class java/nio/FloatBuffer
Event: 0.709 loading class java/nio/FloatBuffer done
Event: 0.709 loading class java/nio/DoubleBuffer
Event: 0.709 loading class java/nio/DoubleBuffer done
Event: 0.709 loading class java/lang/AssertionError
Event: 0.710 loading class java/lang/AssertionError done
Event: 0.729 loading class org/bytedeco/javacpp/annotation/Opaque
Event: 0.729 loading class org/bytedeco/javacpp/annotation/Opaque done


Dynamic libraries:
0x00007ff7b6420000 - 0x00007ff7b6457000 	C:\Program Files\Java\jre1.8.0_144\bin\javaw.exe
0x00007ffc479b0000 - 0x00007ffc47b8b000 	C:\Windows\SYSTEM32\ntdll.dll
0x00007ffc44fd0000 - 0x00007ffc4507e000 	C:\Windows\System32\KERNEL32.DLL
0x00007ffc44ab0000 - 0x00007ffc44cf9000 	C:\Windows\System32\KERNELBASE.dll
0x00007ffc45950000 - 0x00007ffc459f1000 	C:\Windows\System32\ADVAPI32.dll
0x00007ffc47860000 - 0x00007ffc478fd000 	C:\Windows\System32\msvcrt.dll
0x00007ffc45d50000 - 0x00007ffc45da9000 	C:\Windows\System32\sechost.dll
0x00007ffc45c20000 - 0x00007ffc45d45000 	C:\Windows\System32\RPCRT4.dll
0x00007ffc47570000 - 0x00007ffc476ba000 	C:\Windows\System32\USER32.dll
0x00007ffc44d00000 - 0x00007ffc44d1e000 	C:\Windows\System32\win32u.dll
0x00007ffc45840000 - 0x00007ffc45867000 	C:\Windows\System32\GDI32.dll
0x00007ffc44d20000 - 0x00007ffc44ea8000 	C:\Windows\System32\gdi32full.dll
0x00007ffc44720000 - 0x00007ffc447ba000 	C:\Windows\System32\msvcp_win.dll
0x00007ffc44620000 - 0x00007ffc44716000 	C:\Windows\System32\ucrtbase.dll
0x00007ffc37970000 - 0x00007ffc37bd7000 	C:\Windows\WinSxS\amd64_microsoft.windows.common-controls_6595b64144ccf1df_6.0.15063.483_none_26002d27e7c744a2\COMCTL32.dll
0x00007ffc47270000 - 0x00007ffc47569000 	C:\Windows\System32\combase.dll
0x00007ffc44a40000 - 0x00007ffc44aaa000 	C:\Windows\System32\bcryptPrimitives.dll
0x00007ffc45810000 - 0x00007ffc4583d000 	C:\Windows\System32\IMM32.DLL
0x00000000504e0000 - 0x00000000505b2000 	C:\Program Files\Java\jre1.8.0_144\bin\msvcr100.dll
0x0000000050770000 - 0x000000005100d000 	C:\Program Files\Java\jre1.8.0_144\bin\server\jvm.dll
0x00007ffc45940000 - 0x00007ffc45948000 	C:\Windows\System32\PSAPI.DLL
0x00007ffc3b730000 - 0x00007ffc3b739000 	C:\Windows\SYSTEM32\WSOCK32.dll
0x00007ffc45360000 - 0x00007ffc453cc000 	C:\Windows\System32\WS2_32.dll
0x00007ffc42200000 - 0x00007ffc42223000 	C:\Windows\SYSTEM32\WINMM.dll
0x00007ffc37ee0000 - 0x00007ffc37eea000 	C:\Windows\SYSTEM32\VERSION.dll
0x00007ffc41f10000 - 0x00007ffc41f3b000 	C:\Windows\SYSTEM32\WINMMBASE.dll
0x00007ffc43ed0000 - 0x00007ffc43f19000 	C:\Windows\System32\cfgmgr32.dll
0x00000000514c0000 - 0x00000000514cf000 	C:\Program Files\Java\jre1.8.0_144\bin\verify.dll
0x0000000050660000 - 0x0000000050689000 	C:\Program Files\Java\jre1.8.0_144\bin\java.dll
0x0000000050640000 - 0x0000000050656000 	C:\Program Files\Java\jre1.8.0_144\bin\zip.dll
0x00007ffc45e30000 - 0x00007ffc47267000 	C:\Windows\System32\SHELL32.dll
0x00007ffc47900000 - 0x00007ffc479aa000 	C:\Windows\System32\shcore.dll
0x00007ffc43f20000 - 0x00007ffc44613000 	C:\Windows\System32\windows.storage.dll
0x00007ffc44f10000 - 0x00007ffc44f61000 	C:\Windows\System32\shlwapi.dll
0x00007ffc43e60000 - 0x00007ffc43e71000 	C:\Windows\System32\kernel.appcore.dll
0x00007ffc43e80000 - 0x00007ffc43ecc000 	C:\Windows\System32\powrprof.dll
0x00007ffc43e20000 - 0x00007ffc43e35000 	C:\Windows\System32\profapi.dll
0x00007ffc24740000 - 0x00007ffc2482f000 	C:\Users\ThongLee\.javacpp\cache\opencv-windows-x86_64.jar\org\bytedeco\javacpp\windows-x86_64\msvcr120.dll
0x00007ffc28e40000 - 0x00007ffc28ee6000 	C:\Users\ThongLee\.javacpp\cache\opencv-windows-x86_64.jar\org\bytedeco\javacpp\windows-x86_64\msvcp120.dll
0x00007ffc244b0000 - 0x00007ffc24738000 	C:\Users\ThongLee\.javacpp\cache\opencv-windows-x86_64.jar\org\bytedeco\javacpp\windows-x86_64\opencv_core320.dll
0x00007ffc0ad20000 - 0x00007ffc0b082000 	C:\Users\ThongLee\.javacpp\cache\opencv-windows-x86_64.jar\org\bytedeco\javacpp\windows-x86_64\opencv_imgproc320.dll
0x00007ffc09140000 - 0x00007ffc0938a000 	C:\Users\ThongLee\.javacpp\cache\opencv-windows-x86_64.jar\org\bytedeco\javacpp\windows-x86_64\jniopencv_core.dll
0x0000000050620000 - 0x000000005063a000 	C:\Program Files\Java\jre1.8.0_144\bin\net.dll
0x00007ffc436d0000 - 0x00007ffc4372c000 	C:\Windows\system32\mswsock.dll
0x0000000050600000 - 0x0000000050611000 	C:\Program Files\Java\jre1.8.0_144\bin\nio.dll
0x00007ffc243c0000 - 0x00007ffc244b0000 	C:\Users\ThongLee\.javacpp\cache\opencv-windows-x86_64.jar\org\bytedeco\javacpp\windows-x86_64\jniopencv_imgproc.dll
0x00007ffc08e70000 - 0x00007ffc0913a000 	C:\Users\ThongLee\.javacpp\cache\opencv-windows-x86_64.jar\org\bytedeco\javacpp\windows-x86_64\opencv_imgcodecs320.dll
0x00007ffc3f3b0000 - 0x00007ffc3f3d5000 	C:\Users\ThongLee\.javacpp\cache\opencv-windows-x86_64.jar\org\bytedeco\javacpp\windows-x86_64\jniopencv_imgcodecs.dll
0x00007ffc328d0000 - 0x00007ffc32a79000 	C:\Windows\SYSTEM32\dbghelp.dll

VM Arguments:
jvm_args: -Djava.library.path=C:\opencv\build\java\x64 -Dfile.encoding=UTF-8 
java_command: Program
java_class_path (initial): D:\eclipse-workspace\JavaCv1\bin;D:\eclipse-workspace\guava.jar;C:\javacv\javacpp.jar;C:\javacv\javacv.jar;C:\javacv\opencv.jar;C:\javacv\opencv-windows-x86_64.jar;C:\opencv\build\java\opencv-330.jar
Launcher Type: SUN_STANDARD

Environment Variables:
PATH=C:/Program Files/Java/jre1.8.0_144/bin/server;C:/Program Files/Java/jre1.8.0_144/bin;C:/Program Files/Java/jre1.8.0_144/lib/amd64;C:\ProgramData\Oracle\Java\javapath;C:\Windows\system32;C:\Windows;C:\Windows\System32\Wbem;C:\Windows\System32\WindowsPowerShell\v1.0\;C:\Program Files (x86)\ATI Technologies\ATI.ACE\Core-Static;C:\Program Files\dotnet\;C:\Program Files\Microsoft SQL Server\130\Tools\Binn\;C:\Program Files\Git\cmd;C:\Program Files (x86)\Skype\Phone\;C:\Users\ThongLee\AppData\Local\Android\android-sdk\platform-tools;C:\Program Files\nodejs\;C:\opencv\build\x64\vc14\bin;C:\Program Files\CMake\bin;C:\Users\ThongLee\AppData\Local\Microsoft\WindowsApps;C:\Program Files (x86)\Microsoft VS Code\bin;C:\Progress\OpenEdge\bin;C:\Program Files (x86)\Microsoft SDKs\TypeScript\2.2;C:\Users\ThongLee\AppData\Roaming\npm;C:\eclipse;
USERNAME=ThongLee
OS=Windows_NT
PROCESSOR_IDENTIFIER=Intel64 Family 6 Model 58 Stepping 9, GenuineIntel



---------------  S Y S T E M  ---------------

OS: Windows 10.0 , 64 bit Build 15063 (10.0.15063.296)

CPU:total 4 (initial active 4) (2 cores per cpu, 2 threads per core) family 6 model 58 stepping 9, cmov, cx8, fxsr, mmx, sse, sse2, sse3, ssse3, sse4.1, sse4.2, popcnt, avx, clmul, erms, ht, tsc, tscinvbit, tscinv

Memory: 4k page, physical 8206040k(4310992k free), swap 14583576k(2956688k free)

vm_info: Java HotSpot(TM) 64-Bit Server VM (25.144-b01) for windows-amd64 JRE (1.8.0_144-b01), built on Jul 21 2017 21:57:33 by "java_re" with MS VC++ 10.0 (VS2010)

time: Mon Sep 11 16:46:54 2017
elapsed time: 0 seconds (0d 0h 0m 0s)

