#
# A fatal error has been detected by the Java Runtime Environment:
#
#  EXCEPTION_UNCAUGHT_CXX_EXCEPTION (0xe06d7363) at pc=0x00007ffc44b19e08, pid=716, tid=0x0000000000002a30
#
# JRE version: Java(TM) SE Runtime Environment (8.0_144-b01) (build 1.8.0_144-b01)
# Java VM: Java HotSpot(TM) 64-Bit Server VM (25.144-b01 mixed mode windows-amd64 compressed oops)
# Problematic frame:
# C  [KERNELBASE.dll+0x69e08]
#
# Failed to write core dump. Minidumps are not enabled by default on client versions of Windows
#
# If you would like to submit a bug report, please visit:
#   http://bugreport.java.com/bugreport/crash.jsp
# The crash happened outside the Java Virtual Machine in native code.
# See problematic frame for where to report the bug.
#

---------------  T H R E A D  ---------------

Current thread (0x0000000002a4e800):  JavaThread "main" [_thread_in_native, id=10800, stack(0x0000000002870000,0x0000000002970000)]

siginfo: ExceptionCode=0xe06d7363, ExceptionInformation=0x0000000019930520 0x0000000002957580 0x00007ffc246fcd78 0x00007ffc244b0000 

Registers:
RAX=0x000000001c6b6478, RBX=0x00007ffc246fcd78, RCX=0x0000000016e923e8, RDX=0x00000000000000ff
RSP=0x00000000029573f0, RBP=0x0000000002957530, RSI=0x00007ffc0af54f68, RDI=0x0000000002957580
R8 =0xfffff5e500000000, R9 =0x0000000016e7cbf0, R10=0x0000000000c3911c, R11=0x0000000000c30150
R12=0x00000000ffffff29, R13=0x0000000000000000, R14=0x00007ffc0af54da0, R15=0x0000000002967748
RIP=0x00007ffc44b19e08, EFLAGS=0x0000000000000206

Top of Stack: (sp=0x00000000029573f0)
0x00000000029573f0:   0000000016e3c5c0 00007ffc246fcd78
0x0000000002957400:   00007ffc0af54f68 0000000002957580
0x0000000002957410:   00000001e06d7363 0000000000000000
0x0000000002957420:   00007ffc44b19e08 0000000000000004
0x0000000002957430:   0000000019930520 0000000002957580
0x0000000002957440:   00007ffc246fcd78 00007ffc244b0000
0x0000000002957450:   00007ffc0af54da0 00000000ffffff29
0x0000000002957460:   0000000002957580 00007ffc0af54f68
0x0000000002957470:   0000000002957530 00007ffc479cba13
0x0000000002957480:   0000000002957540 00007ffc00000000
0x0000000002957490:   0000000002957580 00007ffc2479d306
0x00000000029574a0:   00007ffc2471f000 00007ffc244b0000
0x00000000029574b0:   0000593987f746c9 00007ffc2481c4d0
0x00000000029574c0:   00007ffc246fcd78 00007ffc2479ef63
0x00000000029574d0:   0000000002957580 00007ffc2476eb8d
0x00000000029574e0:   00007ffc2481c4d0 00007ffc0af54f68 

Instructions: (pc=0x00007ffc44b19e08)
0x00007ffc44b19de8:   49 8b d1 44 0f 47 c0 44 89 44 24 38 49 c1 e0 03
0x00007ffc44b19df8:   e8 1b db 01 00 48 8d 4c 24 20 ff 15 d0 c7 0f 00
0x00007ffc44b19e08:   48 8b 8c 24 c0 00 00 00 48 33 cc e8 78 b0 01 00
0x00007ffc44b19e18:   48 81 c4 d8 00 00 00 c3 83 64 24 38 00 eb d6 cc 


Register to memory mapping:

RAX=0x000000001c6b6478 is an unknown value
RBX=0x00007ffc246fcd78 is an unknown value
RCX=0x0000000016e923e8 is pointing into metadata
RDX=0x00000000000000ff is an unknown value
RSP=0x00000000029573f0 is pointing into the stack for thread: 0x0000000002a4e800
RBP=0x0000000002957530 is pointing into the stack for thread: 0x0000000002a4e800
RSI=0x00007ffc0af54f68 is an unknown value
RDI=0x0000000002957580 is pointing into the stack for thread: 0x0000000002a4e800
R8 =0xfffff5e500000000 is an unknown value
R9 =0x0000000016e7cbf0 is pointing into metadata
R10=0x0000000000c3911c is an unknown value
R11=0x0000000000c30150 is an unknown value
R12=0x00000000ffffff29 is an unallocated location in the heap
R13=0x0000000000000000 is an unknown value
R14=0x00007ffc0af54da0 is an unknown value
R15=0x0000000002967748 is pointing into the stack for thread: 0x0000000002a4e800


Stack: [0x0000000002870000,0x0000000002970000],  sp=0x00000000029573f0,  free space=924k
Native frames: (J=compiled Java code, j=interpreted, Vv=VM code, C=native code)
C  [KERNELBASE.dll+0x69e08]
C  [msvcr120.dll+0x5ef63]
C  [opencv_core320.dll+0x1a2c34]
C  [opencv_core320.dll+0x1a2d76]
C  [opencv_imgproc320.dll+0x17241e]
C  [opencv_imgproc320.dll+0x17ad8f]
C  [opencv_imgproc320.dll+0x17b725]
C  [jniopencv_imgproc.dll+0x1b04e]
C  0x0000000002b67f74

Java frames: (J=compiled Java code, j=interpreted, Vv=VM code)
j  org.bytedeco.javacpp.opencv_imgproc.cvPyrDown(Lorg/bytedeco/javacpp/helper/opencv_core$CvArr;Lorg/bytedeco/javacpp/helper/opencv_core$CvArr;)V+0
j  Program.main([Ljava/lang/String;)V+65
v  ~StubRoutines::call_stub

---------------  P R O C E S S  ---------------

Java Threads: ( => current thread )
  0x00000000197a4000 JavaThread "JavaCPP Deallocator" daemon [_thread_blocked, id=16928, stack(0x000000001ace0000,0x000000001ade0000)]
  0x0000000018f34000 JavaThread "Service Thread" daemon [_thread_blocked, id=16256, stack(0x0000000019310000,0x0000000019410000)]
  0x000000001761e000 JavaThread "C1 CompilerThread2" daemon [_thread_blocked, id=16284, stack(0x0000000018e10000,0x0000000018f10000)]
  0x00000000175d3000 JavaThread "C2 CompilerThread1" daemon [_thread_blocked, id=8240, stack(0x0000000018d10000,0x0000000018e10000)]
  0x00000000175cf000 JavaThread "C2 CompilerThread0" daemon [_thread_in_native, id=14168, stack(0x0000000018c10000,0x0000000018d10000)]
  0x00000000175cd800 JavaThread "Attach Listener" daemon [_thread_blocked, id=13728, stack(0x0000000018b10000,0x0000000018c10000)]
  0x00000000175cc800 JavaThread "Signal Dispatcher" daemon [_thread_blocked, id=17932, stack(0x0000000018a10000,0x0000000018b10000)]
  0x00000000175ba800 JavaThread "Finalizer" daemon [_thread_blocked, id=16312, stack(0x0000000018820000,0x0000000018920000)]
  0x0000000002b41800 JavaThread "Reference Handler" daemon [_thread_blocked, id=16612, stack(0x0000000018720000,0x0000000018820000)]
=>0x0000000002a4e800 JavaThread "main" [_thread_in_native, id=10800, stack(0x0000000002870000,0x0000000002970000)]

Other Threads:
  0x0000000017597800 VMThread [stack: 0x0000000018620000,0x0000000018720000] [id=6220]
  0x0000000018f53000 WatcherThread [stack: 0x0000000019410000,0x0000000019510000] [id=11020]

VM state:not at safepoint (normal execution)

VM Mutex/Monitor currently owned by a thread: None

Heap:
 PSYoungGen      total 37888K, used 17886K [0x00000000d6400000, 0x00000000d8e00000, 0x0000000100000000)
  eden space 32768K, 54% used [0x00000000d6400000,0x00000000d75778c0,0x00000000d8400000)
  from space 5120K, 0% used [0x00000000d8900000,0x00000000d8900000,0x00000000d8e00000)
  to   space 5120K, 0% used [0x00000000d8400000,0x00000000d8400000,0x00000000d8900000)
 ParOldGen       total 86016K, used 0K [0x0000000082c00000, 0x0000000088000000, 0x00000000d6400000)
  object space 86016K, 0% used [0x0000000082c00000,0x0000000082c00000,0x0000000088000000)
 Metaspace       used 6077K, capacity 6656K, committed 6912K, reserved 1056768K
  class space    used 649K, capacity 688K, committed 768K, reserved 1048576K

Card table byte_map: [0x0000000011f10000,0x0000000012300000] byte_map_base: 0x0000000011afa000

Marking Bits: (ParMarkBitMap*) 0x0000000050f8d850
 Begin Bits: [0x00000000129a0000, 0x00000000148f0000)
 End Bits:   [0x00000000148f0000, 0x0000000016840000)

Polling page: 0x0000000000c20000

CodeCache: size=245760Kb used=2449Kb max_used=2461Kb free=243310Kb
 bounds [0x0000000002b50000, 0x0000000002dc0000, 0x0000000011b50000]
 total_blobs=851 nmethods=458 adapters=306
 compilation: enabled

Compilation events (10 events):
Event: 0.804 Thread 0x000000001761e000 nmethod 458 0x0000000002db5510 code [0x0000000002db5660, 0x0000000002db5830]
Event: 0.805 Thread 0x000000001761e000  460       3       java.lang.System::checkKey (34 bytes)
Event: 0.806 Thread 0x000000001761e000 nmethod 460 0x0000000002db4e50 code [0x0000000002db4fe0, 0x0000000002db53c8]
Event: 0.808 Thread 0x00000000175d3000 nmethod 424 0x0000000002db47d0 code [0x0000000002db4920, 0x0000000002db4c18]
Event: 0.808 Thread 0x00000000175d3000  459       4       sun.nio.fs.WindowsPathParser::isSlash (18 bytes)
Event: 0.809 Thread 0x00000000175d3000 nmethod 459 0x0000000002d87510 code [0x0000000002d87640, 0x0000000002d87698]
Event: 0.809 Thread 0x00000000175d3000  393       4       java.lang.AbstractStringBuilder::ensureCapacityInternal (27 bytes)
Event: 0.815 Thread 0x00000000175d3000 nmethod 393 0x0000000002db4210 code [0x0000000002db4360, 0x0000000002db4638]
Event: 0.815 Thread 0x00000000175d3000  461       4       sun.nio.fs.WindowsPathParser::isInvalidPathChar (22 bytes)
Event: 0.818 Thread 0x00000000175d3000 nmethod 461 0x0000000002db8a90 code [0x0000000002db8bc0, 0x0000000002db8cb8]

GC Heap History (0 events):
No events

Deoptimization events (0 events):
No events

Internal exceptions (10 events):
Event: 0.237 Thread 0x0000000002a4e800 Exception <a 'java/security/PrivilegedActionException'> (0x00000000d65dfd70) thrown at [C:\re\workspace\8-2-build-windows-amd64-cygwin\jdk8u144\9417\hotspot\src\share\vm\prims\jvm.cpp, line 1390]
Event: 0.237 Thread 0x0000000002a4e800 Exception <a 'java/security/PrivilegedActionException'> (0x00000000d65dff80) thrown at [C:\re\workspace\8-2-build-windows-amd64-cygwin\jdk8u144\9417\hotspot\src\share\vm\prims\jvm.cpp, line 1390]
Event: 0.237 Thread 0x0000000002a4e800 Exception <a 'java/security/PrivilegedActionException'> (0x00000000d65e0d08) thrown at [C:\re\workspace\8-2-build-windows-amd64-cygwin\jdk8u144\9417\hotspot\src\share\vm\prims\jvm.cpp, line 1390]
Event: 0.237 Thread 0x0000000002a4e800 Exception <a 'java/security/PrivilegedActionException'> (0x00000000d65e0f18) thrown at [C:\re\workspace\8-2-build-windows-amd64-cygwin\jdk8u144\9417\hotspot\src\share\vm\prims\jvm.cpp, line 1390]
Event: 0.237 Thread 0x0000000002a4e800 Exception <a 'java/security/PrivilegedActionException'> (0x00000000d65e1c98) thrown at [C:\re\workspace\8-2-build-windows-amd64-cygwin\jdk8u144\9417\hotspot\src\share\vm\prims\jvm.cpp, line 1390]
Event: 0.237 Thread 0x0000000002a4e800 Exception <a 'java/security/PrivilegedActionException'> (0x00000000d65e1ea8) thrown at [C:\re\workspace\8-2-build-windows-amd64-cygwin\jdk8u144\9417\hotspot\src\share\vm\prims\jvm.cpp, line 1390]
Event: 0.286 Thread 0x0000000002a4e800 Exception <a 'java/security/PrivilegedActionException'> (0x00000000d66a6a88) thrown at [C:\re\workspace\8-2-build-windows-amd64-cygwin\jdk8u144\9417\hotspot\src\share\vm\prims\jvm.cpp, line 1390]
Event: 0.286 Thread 0x0000000002a4e800 Exception <a 'java/security/PrivilegedActionException'> (0x00000000d66a6c98) thrown at [C:\re\workspace\8-2-build-windows-amd64-cygwin\jdk8u144\9417\hotspot\src\share\vm\prims\jvm.cpp, line 1390]
Event: 0.287 Thread 0x0000000002a4e800 Exception <a 'java/security/PrivilegedActionException'> (0x00000000d66aa908) thrown at [C:\re\workspace\8-2-build-windows-amd64-cygwin\jdk8u144\9417\hotspot\src\share\vm\prims\jvm.cpp, line 1390]
Event: 0.287 Thread 0x0000000002a4e800 Exception <a 'java/security/PrivilegedActionException'> (0x00000000d66aab18) thrown at [C:\re\workspace\8-2-build-windows-amd64-cygwin\jdk8u144\9417\hotspot\src\share\vm\prims\jvm.cpp, line 1390]

Events (10 events):
Event: 0.718 loading class java/nio/ShortBuffer
Event: 0.718 loading class java/nio/ShortBuffer done
Event: 0.718 loading class java/nio/IntBuffer
Event: 0.718 loading class java/nio/IntBuffer done
Event: 0.718 loading class java/nio/FloatBuffer
Event: 0.718 loading class java/nio/FloatBuffer done
Event: 0.718 loading class java/nio/DoubleBuffer
Event: 0.718 loading class java/nio/DoubleBuffer done
Event: 0.748 loading class org/bytedeco/javacpp/annotation/Opaque
Event: 0.748 loading class org/bytedeco/javacpp/annotation/Opaque done


Dynamic libraries:
0x00007ff7b6420000 - 0x00007ff7b6457000 	C:\Program Files\Java\jre1.8.0_144\bin\javaw.exe
0x00007ffc479b0000 - 0x00007ffc47b8b000 	C:\Windows\SYSTEM32\ntdll.dll
0x00007ffc44fd0000 - 0x00007ffc4507e000 	C:\Windows\System32\KERNEL32.DLL
0x00007ffc44ab0000 - 0x00007ffc44cf9000 	C:\Windows\System32\KERNELBASE.dll
0x00007ffc45950000 - 0x00007ffc459f1000 	C:\Windows\System32\ADVAPI32.dll
0x00007ffc47860000 - 0x00007ffc478fd000 	C:\Windows\System32\msvcrt.dll
0x00007ffc45d50000 - 0x00007ffc45da9000 	C:\Windows\System32\sechost.dll
0x00007ffc45c20000 - 0x00007ffc45d45000 	C:\Windows\System32\RPCRT4.dll
0x00007ffc47570000 - 0x00007ffc476ba000 	C:\Windows\System32\USER32.dll
0x00007ffc44d00000 - 0x00007ffc44d1e000 	C:\Windows\System32\win32u.dll
0x00007ffc45840000 - 0x00007ffc45867000 	C:\Windows\System32\GDI32.dll
0x00007ffc44d20000 - 0x00007ffc44ea8000 	C:\Windows\System32\gdi32full.dll
0x00007ffc44720000 - 0x00007ffc447ba000 	C:\Windows\System32\msvcp_win.dll
0x00007ffc44620000 - 0x00007ffc44716000 	C:\Windows\System32\ucrtbase.dll
0x00007ffc37970000 - 0x00007ffc37bd7000 	C:\Windows\WinSxS\amd64_microsoft.windows.common-controls_6595b64144ccf1df_6.0.15063.483_none_26002d27e7c744a2\COMCTL32.dll
0x00007ffc47270000 - 0x00007ffc47569000 	C:\Windows\System32\combase.dll
0x00007ffc44a40000 - 0x00007ffc44aaa000 	C:\Windows\System32\bcryptPrimitives.dll
0x00007ffc45810000 - 0x00007ffc4583d000 	C:\Windows\System32\IMM32.DLL
0x00000000504e0000 - 0x00000000505b2000 	C:\Program Files\Java\jre1.8.0_144\bin\msvcr100.dll
0x0000000050770000 - 0x000000005100d000 	C:\Program Files\Java\jre1.8.0_144\bin\server\jvm.dll
0x00007ffc45940000 - 0x00007ffc45948000 	C:\Windows\System32\PSAPI.DLL
0x00007ffc42200000 - 0x00007ffc42223000 	C:\Windows\SYSTEM32\WINMM.dll
0x00007ffc3b730000 - 0x00007ffc3b739000 	C:\Windows\SYSTEM32\WSOCK32.dll
0x00007ffc45360000 - 0x00007ffc453cc000 	C:\Windows\System32\WS2_32.dll
0x00007ffc37ee0000 - 0x00007ffc37eea000 	C:\Windows\SYSTEM32\VERSION.dll
0x00007ffc41f10000 - 0x00007ffc41f3b000 	C:\Windows\SYSTEM32\WINMMBASE.dll
0x00007ffc43ed0000 - 0x00007ffc43f19000 	C:\Windows\System32\cfgmgr32.dll
0x00000000514c0000 - 0x00000000514cf000 	C:\Program Files\Java\jre1.8.0_144\bin\verify.dll
0x0000000050660000 - 0x0000000050689000 	C:\Program Files\Java\jre1.8.0_144\bin\java.dll
0x0000000050640000 - 0x0000000050656000 	C:\Program Files\Java\jre1.8.0_144\bin\zip.dll
0x00007ffc45e30000 - 0x00007ffc47267000 	C:\Windows\System32\SHELL32.dll
0x00007ffc47900000 - 0x00007ffc479aa000 	C:\Windows\System32\shcore.dll
0x00007ffc43f20000 - 0x00007ffc44613000 	C:\Windows\System32\windows.storage.dll
0x00007ffc44f10000 - 0x00007ffc44f61000 	C:\Windows\System32\shlwapi.dll
0x00007ffc43e60000 - 0x00007ffc43e71000 	C:\Windows\System32\kernel.appcore.dll
0x00007ffc43e80000 - 0x00007ffc43ecc000 	C:\Windows\System32\powrprof.dll
0x00007ffc43e20000 - 0x00007ffc43e35000 	C:\Windows\System32\profapi.dll
0x00007ffc24740000 - 0x00007ffc2482f000 	C:\Users\ThongLee\.javacpp\cache\opencv-windows-x86_64.jar\org\bytedeco\javacpp\windows-x86_64\msvcr120.dll
0x00007ffc28e40000 - 0x00007ffc28ee6000 	C:\Users\ThongLee\.javacpp\cache\opencv-windows-x86_64.jar\org\bytedeco\javacpp\windows-x86_64\msvcp120.dll
0x00007ffc244b0000 - 0x00007ffc24738000 	C:\Users\ThongLee\.javacpp\cache\opencv-windows-x86_64.jar\org\bytedeco\javacpp\windows-x86_64\opencv_core320.dll
0x00007ffc0ad20000 - 0x00007ffc0b082000 	C:\Users\ThongLee\.javacpp\cache\opencv-windows-x86_64.jar\org\bytedeco\javacpp\windows-x86_64\opencv_imgproc320.dll
0x00007ffc09140000 - 0x00007ffc0938a000 	C:\Users\ThongLee\.javacpp\cache\opencv-windows-x86_64.jar\org\bytedeco\javacpp\windows-x86_64\jniopencv_core.dll
0x0000000050620000 - 0x000000005063a000 	C:\Program Files\Java\jre1.8.0_144\bin\net.dll
0x00007ffc436d0000 - 0x00007ffc4372c000 	C:\Windows\system32\mswsock.dll
0x0000000050600000 - 0x0000000050611000 	C:\Program Files\Java\jre1.8.0_144\bin\nio.dll
0x00007ffc243c0000 - 0x00007ffc244b0000 	C:\Users\ThongLee\.javacpp\cache\opencv-windows-x86_64.jar\org\bytedeco\javacpp\windows-x86_64\jniopencv_imgproc.dll
0x00007ffc08e70000 - 0x00007ffc0913a000 	C:\Users\ThongLee\.javacpp\cache\opencv-windows-x86_64.jar\org\bytedeco\javacpp\windows-x86_64\opencv_imgcodecs320.dll
0x00007ffc3f3b0000 - 0x00007ffc3f3d5000 	C:\Users\ThongLee\.javacpp\cache\opencv-windows-x86_64.jar\org\bytedeco\javacpp\windows-x86_64\jniopencv_imgcodecs.dll
0x00007ffc328d0000 - 0x00007ffc32a79000 	C:\Windows\SYSTEM32\dbghelp.dll

VM Arguments:
jvm_args: -Djava.library.path=C:\opencv\build\java\x64 -Dfile.encoding=UTF-8 
java_command: Program
java_class_path (initial): D:\eclipse-workspace\JavaCv1\bin;D:\eclipse-workspace\guava.jar;C:\javacv\artoolkitplus.jar;C:\javacv\artoolkitplus-android-arm.jar;C:\javacv\artoolkitplus-android-x86.jar;C:\javacv\artoolkitplus-linux-armhf.jar;C:\javacv\artoolkitplus-linux-ppc64le.jar;C:\javacv\artoolkitplus-linux-x86.jar;C:\javacv\artoolkitplus-linux-x86_64.jar;C:\javacv\artoolkitplus-macosx-x86_64.jar;C:\javacv\artoolkitplus-platform.jar;C:\javacv\artoolkitplus-windows-x86.jar;C:\javacv\artoolkitplus-windows-x86_64.jar;C:\javacv\ffmpeg.jar;C:\javacv\ffmpeg-android-arm.jar;C:\javacv\ffmpeg-android-x86.jar;C:\javacv\ffmpeg-linux-armhf.jar;C:\javacv\ffmpeg-linux-ppc64le.jar;C:\javacv\ffmpeg-linux-x86.jar;C:\javacv\ffmpeg-linux-x86_64.jar;C:\javacv\ffmpeg-macosx-x86_64.jar;C:\javacv\ffmpeg-platform.jar;C:\javacv\ffmpeg-windows-x86.jar;C:\javacv\ffmpeg-windows-x86_64.jar;C:\javacv\flandmark.jar;C:\javacv\flandmark-android-arm.jar;C:\javacv\flandmark-android-x86.jar;C:\javacv\flandmark-linux-armhf.jar;C:\javacv\flandmark-linux-ppc64le.jar;C:\javacv\flandmark-linux-x86.jar;C:\javacv\flandmark-linux-x86_64.jar;C:\javacv\flandmark-macosx-x86_64.jar;C:\javacv\flandmark-platform.jar;C:\javacv\flandmark-windows-x86.jar;C:\javacv\flandmark-windows-x86_64.jar;C:\javacv\flycapture.jar;C:\javacv\flycapture-linux-armhf.jar;C:\javacv\flycapture-linux-x86.jar;C:\javacv\flycapture-linux-x86_64.jar;C:\javacv\flycapture-platform.jar;C:\javacv\flycapture-windows-x86.jar;C:\javacv\flycapture-windows-x86_64.jar;C:\javacv\javacpp.jar;C:\javacv\javacv.jar;C:\javacv\javacv-platform.jar;C:\javacv\libdc1394.jar;C:\javacv\libdc1394-linux-armhf.jar;C:\javacv\libdc1394-linux-ppc64le.jar;C:\javacv\libdc1394-linux-x86.jar;C:\javacv\libdc1394-linux-x86_64.jar;C:\javacv\libdc1394-macosx-x86_64.jar;C:\javacv\libdc1394-platform.jar;C:\javacv\libdc1394-windows-x86.jar;C:\javacv\libdc1394-windows-x86_64.jar;C:\javacv\libfreenect.jar;C:\javacv\libfreenect2.jar;C:\javacv\libfreenect2-linux-x86.jar;C:\javacv\l
Launcher Type: SUN_STANDARD

Environment Variables:
PATH=C:/Program Files/Java/jre1.8.0_144/bin/server;C:/Program Files/Java/jre1.8.0_144/bin;C:/Program Files/Java/jre1.8.0_144/lib/amd64;C:\ProgramData\Oracle\Java\javapath;C:\Windows\system32;C:\Windows;C:\Windows\System32\Wbem;C:\Windows\System32\WindowsPowerShell\v1.0\;C:\Program Files (x86)\ATI Technologies\ATI.ACE\Core-Static;C:\Program Files\dotnet\;C:\Program Files\Microsoft SQL Server\130\Tools\Binn\;C:\Program Files\Git\cmd;C:\Program Files (x86)\Skype\Phone\;C:\Users\ThongLee\AppData\Local\Android\android-sdk\platform-tools;C:\Program Files\nodejs\;C:\opencv\build\x64\vc14\bin;C:\Program Files\CMake\bin;C:\Users\ThongLee\AppData\Local\Microsoft\WindowsApps;C:\Program Files (x86)\Microsoft VS Code\bin;C:\Progress\OpenEdge\bin;C:\Program Files (x86)\Microsoft SDKs\TypeScript\2.2;C:\Users\ThongLee\AppData\Roaming\npm;C:\eclipse;
USERNAME=ThongLee
OS=Windows_NT
PROCESSOR_IDENTIFIER=Intel64 Family 6 Model 58 Stepping 9, GenuineIntel



---------------  S Y S T E M  ---------------

OS: Windows 10.0 , 64 bit Build 15063 (10.0.15063.296)

CPU:total 4 (initial active 4) (2 cores per cpu, 2 threads per core) family 6 model 58 stepping 9, cmov, cx8, fxsr, mmx, sse, sse2, sse3, ssse3, sse4.1, sse4.2, popcnt, avx, clmul, erms, ht, tsc, tscinvbit, tscinv

Memory: 4k page, physical 8206040k(3972680k free), swap 14473096k(2758404k free)

vm_info: Java HotSpot(TM) 64-Bit Server VM (25.144-b01) for windows-amd64 JRE (1.8.0_144-b01), built on Jul 21 2017 21:57:33 by "java_re" with MS VC++ 10.0 (VS2010)

time: Mon Sep 11 20:07:29 2017
elapsed time: 0 seconds (0d 0h 0m 0s)

