#
# A fatal error has been detected by the Java Runtime Environment:
#
#  EXCEPTION_UNCAUGHT_CXX_EXCEPTION (0xe06d7363) at pc=0x00007ffc44b19e08, pid=964, tid=0x00000000000036d4
#
# JRE version: Java(TM) SE Runtime Environment (8.0_144-b01) (build 1.8.0_144-b01)
# Java VM: Java HotSpot(TM) 64-Bit Server VM (25.144-b01 mixed mode windows-amd64 compressed oops)
# Problematic frame:
# C  [KERNELBASE.dll+0x69e08]
#
# Failed to write core dump. Minidumps are not enabled by default on client versions of Windows
#
# If you would like to submit a bug report, please visit:
#   http://bugreport.java.com/bugreport/crash.jsp
# The crash happened outside the Java Virtual Machine in native code.
# See problematic frame for where to report the bug.
#

---------------  T H R E A D  ---------------

Current thread (0x0000000002d60800):  JavaThread "main" [_thread_in_native, id=14036, stack(0x0000000002bd0000,0x0000000002cd0000)]

siginfo: ExceptionCode=0xe06d7363, ExceptionInformation=0x0000000019930520 0x0000000002cbf430 0x00007ffc246fcd78 0x00007ffc244b0000 

Registers:
RAX=0xcafebabecafebabe, RBX=0x00007ffc246fcd78, RCX=0x0000000000000000, RDX=0x00000000000000ff
RSP=0x0000000002cbf2a0, RBP=0x0000000002cbf3e0, RSI=0x00007ffc0af21238, RDI=0x0000000002cbf430
R8 =0x00007ffc44aeeb96, R9 =0x00000000171cc448, R10=0x0000000000f468e8, R11=0x0000000000f40150
R12=0x00000000ffffff29, R13=0x0000000000000000, R14=0x00007ffc0af20b80, R15=0x0000000002ccf5d0
RIP=0x00007ffc44b19e08, EFLAGS=0x0000000000000202

Top of Stack: (sp=0x0000000002cbf2a0)
0x0000000002cbf2a0:   0000000000000000 00007ffc246fcd78
0x0000000002cbf2b0:   00007ffc0af21238 0000000002cbf430
0x0000000002cbf2c0:   00000001e06d7363 0000000000000000
0x0000000002cbf2d0:   00007ffc44b19e08 0000000000000004
0x0000000002cbf2e0:   0000000019930520 0000000002cbf430
0x0000000002cbf2f0:   00007ffc246fcd78 00007ffc244b0000
0x0000000002cbf300:   00007ffc0af20b80 00000000ffffff29
0x0000000002cbf310:   0000000002cbf430 00007ffc0af21238
0x0000000002cbf320:   0000000002cbf3e0 00007ffc479cba13
0x0000000002cbf330:   0000000002cbf3f0 00007ffc00000000
0x0000000002cbf340:   0000000002cbf430 00007ffc2479d306
0x0000000002cbf350:   00007ffc2471f000 00007ffc244b0000
0x0000000002cbf360:   0000144bf5f24f31 00007ffc2481c4d0
0x0000000002cbf370:   00007ffc246fcd78 00007ffc2479ef63
0x0000000002cbf380:   0000000002cbf430 00007ffc2476eb8d
0x0000000002cbf390:   00007ffc2481c4d0 00007ffc0af21238 

Instructions: (pc=0x00007ffc44b19e08)
0x00007ffc44b19de8:   49 8b d1 44 0f 47 c0 44 89 44 24 38 49 c1 e0 03
0x00007ffc44b19df8:   e8 1b db 01 00 48 8d 4c 24 20 ff 15 d0 c7 0f 00
0x00007ffc44b19e08:   48 8b 8c 24 c0 00 00 00 48 33 cc e8 78 b0 01 00
0x00007ffc44b19e18:   48 81 c4 d8 00 00 00 c3 83 64 24 38 00 eb d6 cc 


Register to memory mapping:

RAX=0xcafebabecafebabe is an unknown value
RBX=0x00007ffc246fcd78 is an unknown value
RCX=0x0000000000000000 is an unknown value
RDX=0x00000000000000ff is an unknown value
RSP=0x0000000002cbf2a0 is pointing into the stack for thread: 0x0000000002d60800
RBP=0x0000000002cbf3e0 is pointing into the stack for thread: 0x0000000002d60800
RSI=0x00007ffc0af21238 is an unknown value
RDI=0x0000000002cbf430 is pointing into the stack for thread: 0x0000000002d60800
R8 =0x00007ffc44aeeb96 is an unknown value
R9 =0x00000000171cc448 is pointing into metadata
R10=0x0000000000f468e8 is an unknown value
R11=0x0000000000f40150 is an unknown value
R12=0x00000000ffffff29 is an unallocated location in the heap
R13=0x0000000000000000 is an unknown value
R14=0x00007ffc0af20b80 is an unknown value
R15=0x0000000002ccf5d0 is pointing into the stack for thread: 0x0000000002d60800


Stack: [0x0000000002bd0000,0x0000000002cd0000],  sp=0x0000000002cbf2a0,  free space=956k
Native frames: (J=compiled Java code, j=interpreted, Vv=VM code, C=native code)
C  [KERNELBASE.dll+0x69e08]
C  [msvcr120.dll+0x5ef63]
C  [opencv_core320.dll+0x1a2c34]
C  [opencv_core320.dll+0x1a2d76]
C  [opencv_imgproc320.dll+0x46c7a]
C  [jniopencv_imgproc.dll+0x6e52d]
C  0x0000000002e77f74

Java frames: (J=compiled Java code, j=interpreted, Vv=VM code)
j  org.bytedeco.javacpp.opencv_imgproc.cvCvtColor(Lorg/bytedeco/javacpp/helper/opencv_core$CvArr;Lorg/bytedeco/javacpp/helper/opencv_core$CvArr;I)V+0
j  Program.main([Ljava/lang/String;)V+30
v  ~StubRoutines::call_stub

---------------  P R O C E S S  ---------------

Java Threads: ( => current thread )
  0x00000000198f7800 JavaThread "JavaCPP Deallocator" daemon [_thread_blocked, id=12212, stack(0x000000001a030000,0x000000001a130000)]
  0x000000001793b000 JavaThread "Service Thread" daemon [_thread_blocked, id=15644, stack(0x0000000019630000,0x0000000019730000)]
  0x00000000178f0000 JavaThread "C1 CompilerThread2" daemon [_thread_blocked, id=4240, stack(0x0000000019130000,0x0000000019230000)]
  0x00000000178df800 JavaThread "C2 CompilerThread1" daemon [_thread_blocked, id=3092, stack(0x0000000019030000,0x0000000019130000)]
  0x00000000178dd000 JavaThread "C2 CompilerThread0" daemon [_thread_blocked, id=1920, stack(0x0000000018f30000,0x0000000019030000)]
  0x00000000178db800 JavaThread "Attach Listener" daemon [_thread_blocked, id=14424, stack(0x0000000018e30000,0x0000000018f30000)]
  0x00000000178da000 JavaThread "Signal Dispatcher" daemon [_thread_blocked, id=3384, stack(0x0000000018d30000,0x0000000018e30000)]
  0x00000000178ca800 JavaThread "Finalizer" daemon [_thread_blocked, id=6028, stack(0x0000000018b40000,0x0000000018c40000)]
  0x0000000002e50000 JavaThread "Reference Handler" daemon [_thread_blocked, id=1448, stack(0x0000000018a40000,0x0000000018b40000)]
=>0x0000000002d60800 JavaThread "main" [_thread_in_native, id=14036, stack(0x0000000002bd0000,0x0000000002cd0000)]

Other Threads:
  0x00000000178a9000 VMThread [stack: 0x0000000018940000,0x0000000018a40000] [id=10192]
  0x0000000019262000 WatcherThread [stack: 0x0000000019730000,0x0000000019830000] [id=9020]

VM state:not at safepoint (normal execution)

VM Mutex/Monitor currently owned by a thread: None

Heap:
 PSYoungGen      total 37888K, used 10680K [0x00000000d6400000, 0x00000000d8e00000, 0x0000000100000000)
  eden space 32768K, 32% used [0x00000000d6400000,0x00000000d6e6e208,0x00000000d8400000)
  from space 5120K, 0% used [0x00000000d8900000,0x00000000d8900000,0x00000000d8e00000)
  to   space 5120K, 0% used [0x00000000d8400000,0x00000000d8400000,0x00000000d8900000)
 ParOldGen       total 86016K, used 0K [0x0000000082c00000, 0x0000000088000000, 0x00000000d6400000)
  object space 86016K, 0% used [0x0000000082c00000,0x0000000082c00000,0x0000000088000000)
 Metaspace       used 6046K, capacity 6656K, committed 6912K, reserved 1056768K
  class space    used 648K, capacity 688K, committed 768K, reserved 1048576K

Card table byte_map: [0x0000000012220000,0x0000000012610000] byte_map_base: 0x0000000011e0a000

Marking Bits: (ParMarkBitMap*) 0x0000000050f8d850
 Begin Bits: [0x0000000012cb0000, 0x0000000014c00000)
 End Bits:   [0x0000000014c00000, 0x0000000016b50000)

Polling page: 0x00000000013a0000

CodeCache: size=245760Kb used=2263Kb max_used=2281Kb free=243496Kb
 bounds [0x0000000002e60000, 0x00000000030d0000, 0x0000000011e60000]
 total_blobs=802 nmethods=409 adapters=306
 compilation: enabled

Compilation events (10 events):
Event: 0.700 Thread 0x00000000178f0000  405       3       java.net.URI$Parser::checkChars (44 bytes)
Event: 0.701 Thread 0x00000000178f0000 nmethod 405 0x0000000003091550 code [0x0000000003091740, 0x0000000003092068]
Event: 0.702 Thread 0x00000000178df800 nmethod 375 0x00000000030925d0 code [0x00000000030928e0, 0x0000000003094020]
Event: 0.702 Thread 0x00000000178df800  395       4       java.net.URI::match (56 bytes)
Event: 0.703 Thread 0x00000000178df800 nmethod 395 0x000000000308e1d0 code [0x000000000308e300, 0x000000000308e3d8]
Event: 0.703 Thread 0x00000000178df800  384       4       java.lang.String::substring (79 bytes)
Event: 0.704 Thread 0x00000000178f0000  408       3       java.lang.ThreadLocal::get (38 bytes)
Event: 0.705 Thread 0x00000000178f0000 nmethod 408 0x000000000308d790 code [0x000000000308d920, 0x000000000308dc78]
Event: 0.708 Thread 0x00000000178f0000  409       3       java.util.Vector::elementData (7 bytes)
Event: 0.708 Thread 0x00000000178f0000 nmethod 409 0x000000000308d3d0 code [0x000000000308d520, 0x000000000308d690]

GC Heap History (0 events):
No events

Deoptimization events (0 events):
No events

Internal exceptions (10 events):
Event: 0.185 Thread 0x0000000002d60800 Exception <a 'java/security/PrivilegedActionException'> (0x00000000d65606c0) thrown at [C:\re\workspace\8-2-build-windows-amd64-cygwin\jdk8u144\9417\hotspot\src\share\vm\prims\jvm.cpp, line 1390]
Event: 0.185 Thread 0x0000000002d60800 Exception <a 'java/security/PrivilegedActionException'> (0x00000000d65608d0) thrown at [C:\re\workspace\8-2-build-windows-amd64-cygwin\jdk8u144\9417\hotspot\src\share\vm\prims\jvm.cpp, line 1390]
Event: 0.185 Thread 0x0000000002d60800 Exception <a 'java/security/PrivilegedActionException'> (0x00000000d6561730) thrown at [C:\re\workspace\8-2-build-windows-amd64-cygwin\jdk8u144\9417\hotspot\src\share\vm\prims\jvm.cpp, line 1390]
Event: 0.185 Thread 0x0000000002d60800 Exception <a 'java/security/PrivilegedActionException'> (0x00000000d6561940) thrown at [C:\re\workspace\8-2-build-windows-amd64-cygwin\jdk8u144\9417\hotspot\src\share\vm\prims\jvm.cpp, line 1390]
Event: 0.186 Thread 0x0000000002d60800 Exception <a 'java/security/PrivilegedActionException'> (0x00000000d65626c0) thrown at [C:\re\workspace\8-2-build-windows-amd64-cygwin\jdk8u144\9417\hotspot\src\share\vm\prims\jvm.cpp, line 1390]
Event: 0.186 Thread 0x0000000002d60800 Exception <a 'java/security/PrivilegedActionException'> (0x00000000d65628d0) thrown at [C:\re\workspace\8-2-build-windows-amd64-cygwin\jdk8u144\9417\hotspot\src\share\vm\prims\jvm.cpp, line 1390]
Event: 0.241 Thread 0x0000000002d60800 Exception <a 'java/security/PrivilegedActionException'> (0x00000000d6603998) thrown at [C:\re\workspace\8-2-build-windows-amd64-cygwin\jdk8u144\9417\hotspot\src\share\vm\prims\jvm.cpp, line 1390]
Event: 0.241 Thread 0x0000000002d60800 Exception <a 'java/security/PrivilegedActionException'> (0x00000000d6603ba8) thrown at [C:\re\workspace\8-2-build-windows-amd64-cygwin\jdk8u144\9417\hotspot\src\share\vm\prims\jvm.cpp, line 1390]
Event: 0.242 Thread 0x0000000002d60800 Exception <a 'java/security/PrivilegedActionException'> (0x00000000d6607818) thrown at [C:\re\workspace\8-2-build-windows-amd64-cygwin\jdk8u144\9417\hotspot\src\share\vm\prims\jvm.cpp, line 1390]
Event: 0.242 Thread 0x0000000002d60800 Exception <a 'java/security/PrivilegedActionException'> (0x00000000d6607a28) thrown at [C:\re\workspace\8-2-build-windows-amd64-cygwin\jdk8u144\9417\hotspot\src\share\vm\prims\jvm.cpp, line 1390]

Events (10 events):
Event: 0.664 loading class java/nio/IntBuffer
Event: 0.664 loading class java/nio/IntBuffer done
Event: 0.664 loading class java/nio/FloatBuffer
Event: 0.665 loading class java/nio/FloatBuffer done
Event: 0.665 loading class java/nio/DoubleBuffer
Event: 0.665 loading class java/nio/DoubleBuffer done
Event: 0.665 loading class java/lang/AssertionError
Event: 0.665 loading class java/lang/AssertionError done
Event: 0.675 loading class org/bytedeco/javacpp/annotation/Opaque
Event: 0.675 loading class org/bytedeco/javacpp/annotation/Opaque done


Dynamic libraries:
0x00007ff7b6420000 - 0x00007ff7b6457000 	C:\Program Files\Java\jre1.8.0_144\bin\javaw.exe
0x00007ffc479b0000 - 0x00007ffc47b8b000 	C:\Windows\SYSTEM32\ntdll.dll
0x00007ffc44fd0000 - 0x00007ffc4507e000 	C:\Windows\System32\KERNEL32.DLL
0x00007ffc44ab0000 - 0x00007ffc44cf9000 	C:\Windows\System32\KERNELBASE.dll
0x00007ffc45950000 - 0x00007ffc459f1000 	C:\Windows\System32\ADVAPI32.dll
0x00007ffc47860000 - 0x00007ffc478fd000 	C:\Windows\System32\msvcrt.dll
0x00007ffc45d50000 - 0x00007ffc45da9000 	C:\Windows\System32\sechost.dll
0x00007ffc45c20000 - 0x00007ffc45d45000 	C:\Windows\System32\RPCRT4.dll
0x00007ffc47570000 - 0x00007ffc476ba000 	C:\Windows\System32\USER32.dll
0x00007ffc44d00000 - 0x00007ffc44d1e000 	C:\Windows\System32\win32u.dll
0x00007ffc45840000 - 0x00007ffc45867000 	C:\Windows\System32\GDI32.dll
0x00007ffc44d20000 - 0x00007ffc44ea8000 	C:\Windows\System32\gdi32full.dll
0x00007ffc44720000 - 0x00007ffc447ba000 	C:\Windows\System32\msvcp_win.dll
0x00007ffc44620000 - 0x00007ffc44716000 	C:\Windows\System32\ucrtbase.dll
0x00007ffc37970000 - 0x00007ffc37bd7000 	C:\Windows\WinSxS\amd64_microsoft.windows.common-controls_6595b64144ccf1df_6.0.15063.483_none_26002d27e7c744a2\COMCTL32.dll
0x00007ffc47270000 - 0x00007ffc47569000 	C:\Windows\System32\combase.dll
0x00007ffc44a40000 - 0x00007ffc44aaa000 	C:\Windows\System32\bcryptPrimitives.dll
0x00007ffc45810000 - 0x00007ffc4583d000 	C:\Windows\System32\IMM32.DLL
0x00000000504e0000 - 0x00000000505b2000 	C:\Program Files\Java\jre1.8.0_144\bin\msvcr100.dll
0x0000000050770000 - 0x000000005100d000 	C:\Program Files\Java\jre1.8.0_144\bin\server\jvm.dll
0x00007ffc45940000 - 0x00007ffc45948000 	C:\Windows\System32\PSAPI.DLL
0x00007ffc3b730000 - 0x00007ffc3b739000 	C:\Windows\SYSTEM32\WSOCK32.dll
0x00007ffc45360000 - 0x00007ffc453cc000 	C:\Windows\System32\WS2_32.dll
0x00007ffc42200000 - 0x00007ffc42223000 	C:\Windows\SYSTEM32\WINMM.dll
0x00007ffc37ee0000 - 0x00007ffc37eea000 	C:\Windows\SYSTEM32\VERSION.dll
0x00007ffc41f10000 - 0x00007ffc41f3b000 	C:\Windows\SYSTEM32\WINMMBASE.dll
0x00007ffc43ed0000 - 0x00007ffc43f19000 	C:\Windows\System32\cfgmgr32.dll
0x00000000514c0000 - 0x00000000514cf000 	C:\Program Files\Java\jre1.8.0_144\bin\verify.dll
0x0000000050660000 - 0x0000000050689000 	C:\Program Files\Java\jre1.8.0_144\bin\java.dll
0x0000000050640000 - 0x0000000050656000 	C:\Program Files\Java\jre1.8.0_144\bin\zip.dll
0x00007ffc45e30000 - 0x00007ffc47267000 	C:\Windows\System32\SHELL32.dll
0x00007ffc47900000 - 0x00007ffc479aa000 	C:\Windows\System32\shcore.dll
0x00007ffc43f20000 - 0x00007ffc44613000 	C:\Windows\System32\windows.storage.dll
0x00007ffc44f10000 - 0x00007ffc44f61000 	C:\Windows\System32\shlwapi.dll
0x00007ffc43e60000 - 0x00007ffc43e71000 	C:\Windows\System32\kernel.appcore.dll
0x00007ffc43e80000 - 0x00007ffc43ecc000 	C:\Windows\System32\powrprof.dll
0x00007ffc43e20000 - 0x00007ffc43e35000 	C:\Windows\System32\profapi.dll
0x00007ffc24740000 - 0x00007ffc2482f000 	C:\Users\ThongLee\.javacpp\cache\opencv-windows-x86_64.jar\org\bytedeco\javacpp\windows-x86_64\msvcr120.dll
0x00007ffc28e40000 - 0x00007ffc28ee6000 	C:\Users\ThongLee\.javacpp\cache\opencv-windows-x86_64.jar\org\bytedeco\javacpp\windows-x86_64\msvcp120.dll
0x00007ffc244b0000 - 0x00007ffc24738000 	C:\Users\ThongLee\.javacpp\cache\opencv-windows-x86_64.jar\org\bytedeco\javacpp\windows-x86_64\opencv_core320.dll
0x00007ffc0ad20000 - 0x00007ffc0b082000 	C:\Users\ThongLee\.javacpp\cache\opencv-windows-x86_64.jar\org\bytedeco\javacpp\windows-x86_64\opencv_imgproc320.dll
0x00007ffc09140000 - 0x00007ffc0938a000 	C:\Users\ThongLee\.javacpp\cache\opencv-windows-x86_64.jar\org\bytedeco\javacpp\windows-x86_64\jniopencv_core.dll
0x0000000050620000 - 0x000000005063a000 	C:\Program Files\Java\jre1.8.0_144\bin\net.dll
0x00007ffc436d0000 - 0x00007ffc4372c000 	C:\Windows\system32\mswsock.dll
0x0000000050600000 - 0x0000000050611000 	C:\Program Files\Java\jre1.8.0_144\bin\nio.dll
0x00007ffc243c0000 - 0x00007ffc244b0000 	C:\Users\ThongLee\.javacpp\cache\opencv-windows-x86_64.jar\org\bytedeco\javacpp\windows-x86_64\jniopencv_imgproc.dll
0x00007ffc08e70000 - 0x00007ffc0913a000 	C:\Users\ThongLee\.javacpp\cache\opencv-windows-x86_64.jar\org\bytedeco\javacpp\windows-x86_64\opencv_imgcodecs320.dll
0x00007ffc3f3b0000 - 0x00007ffc3f3d5000 	C:\Users\ThongLee\.javacpp\cache\opencv-windows-x86_64.jar\org\bytedeco\javacpp\windows-x86_64\jniopencv_imgcodecs.dll
0x00007ffc328d0000 - 0x00007ffc32a79000 	C:\Windows\SYSTEM32\dbghelp.dll

VM Arguments:
jvm_args: -Djava.library.path=C:\opencv\build\java\x64 -Dfile.encoding=UTF-8 
java_command: Program
java_class_path (initial): D:\eclipse-workspace\JavaCv1\bin;D:\eclipse-workspace\guava.jar;C:\javacv\javacpp.jar;C:\javacv\javacv.jar;C:\javacv\opencv.jar;C:\javacv\opencv-windows-x86_64.jar;C:\opencv\build\java\opencv-330.jar
Launcher Type: SUN_STANDARD

Environment Variables:
PATH=C:/Program Files/Java/jre1.8.0_144/bin/server;C:/Program Files/Java/jre1.8.0_144/bin;C:/Program Files/Java/jre1.8.0_144/lib/amd64;C:\ProgramData\Oracle\Java\javapath;C:\Windows\system32;C:\Windows;C:\Windows\System32\Wbem;C:\Windows\System32\WindowsPowerShell\v1.0\;C:\Program Files (x86)\ATI Technologies\ATI.ACE\Core-Static;C:\Program Files\dotnet\;C:\Program Files\Microsoft SQL Server\130\Tools\Binn\;C:\Program Files\Git\cmd;C:\Program Files (x86)\Skype\Phone\;C:\Users\ThongLee\AppData\Local\Android\android-sdk\platform-tools;C:\Program Files\nodejs\;C:\opencv\build\x64\vc14\bin;C:\Program Files\CMake\bin;C:\Users\ThongLee\AppData\Local\Microsoft\WindowsApps;C:\Program Files (x86)\Microsoft VS Code\bin;C:\Progress\OpenEdge\bin;C:\Program Files (x86)\Microsoft SDKs\TypeScript\2.2;C:\Users\ThongLee\AppData\Roaming\npm;C:\eclipse;
USERNAME=ThongLee
OS=Windows_NT
PROCESSOR_IDENTIFIER=Intel64 Family 6 Model 58 Stepping 9, GenuineIntel



---------------  S Y S T E M  ---------------

OS: Windows 10.0 , 64 bit Build 15063 (10.0.15063.296)

CPU:total 4 (initial active 4) (2 cores per cpu, 2 threads per core) family 6 model 58 stepping 9, cmov, cx8, fxsr, mmx, sse, sse2, sse3, ssse3, sse4.1, sse4.2, popcnt, avx, clmul, erms, ht, tsc, tscinvbit, tscinv

Memory: 4k page, physical 8206040k(4203816k free), swap 14434620k(2663760k free)

vm_info: Java HotSpot(TM) 64-Bit Server VM (25.144-b01) for windows-amd64 JRE (1.8.0_144-b01), built on Jul 21 2017 21:57:33 by "java_re" with MS VC++ 10.0 (VS2010)

time: Mon Sep 11 16:47:47 2017
elapsed time: 0 seconds (0d 0h 0m 0s)

