#
# A fatal error has been detected by the Java Runtime Environment:
#
#  EXCEPTION_UNCAUGHT_CXX_EXCEPTION (0xe06d7363) at pc=0x00007ffc44b19e08, pid=11108, tid=0x0000000000002864
#
# JRE version: Java(TM) SE Runtime Environment (8.0_144-b01) (build 1.8.0_144-b01)
# Java VM: Java HotSpot(TM) 64-Bit Server VM (25.144-b01 mixed mode windows-amd64 compressed oops)
# Problematic frame:
# C  [KERNELBASE.dll+0x69e08]
#
# Failed to write core dump. Minidumps are not enabled by default on client versions of Windows
#
# If you would like to submit a bug report, please visit:
#   http://bugreport.java.com/bugreport/crash.jsp
# The crash happened outside the Java Virtual Machine in native code.
# See problematic frame for where to report the bug.
#

---------------  T H R E A D  ---------------

Current thread (0x0000000003030800):  JavaThread "main" [_thread_in_native, id=10340, stack(0x0000000002e80000,0x0000000002f80000)]

siginfo: ExceptionCode=0xe06d7363, ExceptionInformation=0x0000000019930520 0x0000000002f6efb0 0x00007ffc246fcd78 0x00007ffc244b0000 

Registers:
RAX=0x0000000050985061, RBX=0x00007ffc246fcd78, RCX=0x0000000017223888, RDX=0x0000000002f6e990
RSP=0x0000000002f6ee20, RBP=0x0000000002f6ef60, RSI=0x00007ffc0af21238, RDI=0x0000000002f6efb0
R8 =0x00007ffc44aeeb96, R9 =0x000000001749c720, R10=0x0000000003030800, R11=0x00000000011b0150
R12=0x00000000ffffff29, R13=0x0000000000000000, R14=0x00007ffc0af20b80, R15=0x0000000002f7f150
RIP=0x00007ffc44b19e08, EFLAGS=0x0000000000000206

Top of Stack: (sp=0x0000000002f6ee20)
0x0000000002f6ee20:   00000000172386d0 00007ffc246fcd78
0x0000000002f6ee30:   00007ffc0af21238 0000000002f6efb0
0x0000000002f6ee40:   00000001e06d7363 0000000000000000
0x0000000002f6ee50:   00007ffc44b19e08 0000000000000004
0x0000000002f6ee60:   0000000019930520 0000000002f6efb0
0x0000000002f6ee70:   00007ffc246fcd78 00007ffc244b0000
0x0000000002f6ee80:   00007ffc0af20b80 00000000ffffff29
0x0000000002f6ee90:   0000000002f6efb0 00007ffc0af21238
0x0000000002f6eea0:   0000000002f6ef60 00007ffc479cba13
0x0000000002f6eeb0:   0000000002f6ef70 00007ffc00000000
0x0000000002f6eec0:   0000000002f6efb0 00007ffc2479d306
0x0000000002f6eed0:   00007ffc2471f000 00007ffc244b0000
0x0000000002f6eee0:   0000fea1ac5c616d 00007ffc2481c4d0
0x0000000002f6eef0:   00007ffc246fcd78 00007ffc2479ef63
0x0000000002f6ef00:   0000000002f6efb0 00007ffc2476eb8d
0x0000000002f6ef10:   00007ffc2481c4d0 00007ffc0af21238 

Instructions: (pc=0x00007ffc44b19e08)
0x00007ffc44b19de8:   49 8b d1 44 0f 47 c0 44 89 44 24 38 49 c1 e0 03
0x00007ffc44b19df8:   e8 1b db 01 00 48 8d 4c 24 20 ff 15 d0 c7 0f 00
0x00007ffc44b19e08:   48 8b 8c 24 c0 00 00 00 48 33 cc e8 78 b0 01 00
0x00007ffc44b19e18:   48 81 c4 d8 00 00 00 c3 83 64 24 38 00 eb d6 cc 


Register to memory mapping:

RAX=0x0000000050985061 is an unknown value
RBX=0x00007ffc246fcd78 is an unknown value
RCX={method} {0x0000000017223890} 'addClass' '(Ljava/lang/Class;)V' in 'java/lang/ClassLoader'
RDX=0x0000000002f6e990 is pointing into the stack for thread: 0x0000000003030800
RSP=0x0000000002f6ee20 is pointing into the stack for thread: 0x0000000003030800
RBP=0x0000000002f6ef60 is pointing into the stack for thread: 0x0000000003030800
RSI=0x00007ffc0af21238 is an unknown value
RDI=0x0000000002f6efb0 is pointing into the stack for thread: 0x0000000003030800
R8 =0x00007ffc44aeeb96 is an unknown value
R9 =0x000000001749c720 is pointing into metadata
R10=0x0000000003030800 is a thread
R11=0x00000000011b0150 is an unknown value
R12=0x00000000ffffff29 is an unallocated location in the heap
R13=0x0000000000000000 is an unknown value
R14=0x00007ffc0af20b80 is an unknown value
R15=0x0000000002f7f150 is pointing into the stack for thread: 0x0000000003030800


Stack: [0x0000000002e80000,0x0000000002f80000],  sp=0x0000000002f6ee20,  free space=955k
Native frames: (J=compiled Java code, j=interpreted, Vv=VM code, C=native code)
C  [KERNELBASE.dll+0x69e08]
C  [msvcr120.dll+0x5ef63]
C  [opencv_core320.dll+0x1a2c34]
C  [opencv_core320.dll+0x1a2d76]
C  [opencv_imgproc320.dll+0x46c7a]
C  [jniopencv_imgproc.dll+0x6e52d]
C  0x0000000003147f74

Java frames: (J=compiled Java code, j=interpreted, Vv=VM code)
j  org.bytedeco.javacpp.opencv_imgproc.cvCvtColor(Lorg/bytedeco/javacpp/helper/opencv_core$CvArr;Lorg/bytedeco/javacpp/helper/opencv_core$CvArr;I)V+0
j  Program.main([Ljava/lang/String;)V+29
v  ~StubRoutines::call_stub

---------------  P R O C E S S  ---------------

Java Threads: ( => current thread )
  0x0000000019cd0800 JavaThread "JavaCPP Deallocator" daemon [_thread_blocked, id=14824, stack(0x000000001a2f0000,0x000000001a3f0000)]
  0x000000001950e000 JavaThread "Service Thread" daemon [_thread_blocked, id=10688, stack(0x00000000198f0000,0x00000000199f0000)]
  0x0000000017bc2000 JavaThread "C1 CompilerThread2" daemon [_thread_blocked, id=10700, stack(0x00000000193f0000,0x00000000194f0000)]
  0x0000000017bb5000 JavaThread "C2 CompilerThread1" daemon [_thread_blocked, id=8284, stack(0x00000000192f0000,0x00000000193f0000)]
  0x0000000017baf000 JavaThread "C2 CompilerThread0" daemon [_thread_blocked, id=11456, stack(0x00000000191f0000,0x00000000192f0000)]
  0x0000000017bad800 JavaThread "Attach Listener" daemon [_thread_blocked, id=15260, stack(0x00000000190f0000,0x00000000191f0000)]
  0x0000000017bac800 JavaThread "Signal Dispatcher" daemon [_thread_blocked, id=6560, stack(0x0000000018ff0000,0x00000000190f0000)]
  0x0000000017b9a800 JavaThread "Finalizer" daemon [_thread_blocked, id=9812, stack(0x0000000018e00000,0x0000000018f00000)]
  0x0000000003122000 JavaThread "Reference Handler" daemon [_thread_blocked, id=12452, stack(0x0000000018d00000,0x0000000018e00000)]
=>0x0000000003030800 JavaThread "main" [_thread_in_native, id=10340, stack(0x0000000002e80000,0x0000000002f80000)]

Other Threads:
  0x0000000017b78800 VMThread [stack: 0x0000000018c00000,0x0000000018d00000] [id=14444]
  0x0000000019512800 WatcherThread [stack: 0x00000000199f0000,0x0000000019af0000] [id=8428]

VM state:not at safepoint (normal execution)

VM Mutex/Monitor currently owned by a thread: None

Heap:
 PSYoungGen      total 37888K, used 10680K [0x00000000d6400000, 0x00000000d8e00000, 0x0000000100000000)
  eden space 32768K, 32% used [0x00000000d6400000,0x00000000d6e6e228,0x00000000d8400000)
  from space 5120K, 0% used [0x00000000d8900000,0x00000000d8900000,0x00000000d8e00000)
  to   space 5120K, 0% used [0x00000000d8400000,0x00000000d8400000,0x00000000d8900000)
 ParOldGen       total 86016K, used 0K [0x0000000082c00000, 0x0000000088000000, 0x00000000d6400000)
  object space 86016K, 0% used [0x0000000082c00000,0x0000000082c00000,0x0000000088000000)
 Metaspace       used 6046K, capacity 6656K, committed 6912K, reserved 1056768K
  class space    used 648K, capacity 688K, committed 768K, reserved 1048576K

Card table byte_map: [0x00000000124f0000,0x00000000128e0000] byte_map_base: 0x00000000120da000

Marking Bits: (ParMarkBitMap*) 0x0000000050f8d850
 Begin Bits: [0x0000000012f80000, 0x0000000014ed0000)
 End Bits:   [0x0000000014ed0000, 0x0000000016e20000)

Polling page: 0x00000000011a0000

CodeCache: size=245760Kb used=2304Kb max_used=2322Kb free=243455Kb
 bounds [0x0000000003130000, 0x00000000033a0000, 0x0000000012130000]
 total_blobs=803 nmethods=410 adapters=306
 compilation: enabled

Compilation events (10 events):
Event: 0.740 Thread 0x0000000017bb5000  398       4       java.net.URI::match (56 bytes)
Event: 0.741 Thread 0x0000000017bb5000 nmethod 398 0x00000000033690d0 code [0x0000000003369200, 0x00000000033692d8]
Event: 0.741 Thread 0x0000000017bb5000  382       4       java.lang.String::substring (79 bytes)
Event: 0.745 Thread 0x0000000017bc2000  409       3       java.lang.ThreadLocal::get (38 bytes)
Event: 0.746 Thread 0x0000000017bc2000 nmethod 409 0x0000000003368310 code [0x00000000033684a0, 0x00000000033687f8]
Event: 0.749 Thread 0x0000000017bc2000  410       3       java.util.Vector::elementData (7 bytes)
Event: 0.750 Thread 0x0000000017bc2000 nmethod 410 0x0000000003367f50 code [0x00000000033680a0, 0x0000000003368210]
Event: 0.751 Thread 0x0000000017bb5000 nmethod 382 0x000000000336a350 code [0x000000000336a4c0, 0x000000000336a8b8]
Event: 0.751 Thread 0x0000000017bb5000  408       4       sun.nio.fs.WindowsPathParser::isSlash (18 bytes)
Event: 0.751 Thread 0x0000000017bb5000 nmethod 408 0x0000000003367d50 code [0x0000000003367e80, 0x0000000003367ed8]

GC Heap History (0 events):
No events

Deoptimization events (0 events):
No events

Internal exceptions (10 events):
Event: 0.202 Thread 0x0000000003030800 Exception <a 'java/security/PrivilegedActionException'> (0x00000000d65606c0) thrown at [C:\re\workspace\8-2-build-windows-amd64-cygwin\jdk8u144\9417\hotspot\src\share\vm\prims\jvm.cpp, line 1390]
Event: 0.202 Thread 0x0000000003030800 Exception <a 'java/security/PrivilegedActionException'> (0x00000000d65608d0) thrown at [C:\re\workspace\8-2-build-windows-amd64-cygwin\jdk8u144\9417\hotspot\src\share\vm\prims\jvm.cpp, line 1390]
Event: 0.202 Thread 0x0000000003030800 Exception <a 'java/security/PrivilegedActionException'> (0x00000000d6561658) thrown at [C:\re\workspace\8-2-build-windows-amd64-cygwin\jdk8u144\9417\hotspot\src\share\vm\prims\jvm.cpp, line 1390]
Event: 0.202 Thread 0x0000000003030800 Exception <a 'java/security/PrivilegedActionException'> (0x00000000d6561868) thrown at [C:\re\workspace\8-2-build-windows-amd64-cygwin\jdk8u144\9417\hotspot\src\share\vm\prims\jvm.cpp, line 1390]
Event: 0.202 Thread 0x0000000003030800 Exception <a 'java/security/PrivilegedActionException'> (0x00000000d65626c0) thrown at [C:\re\workspace\8-2-build-windows-amd64-cygwin\jdk8u144\9417\hotspot\src\share\vm\prims\jvm.cpp, line 1390]
Event: 0.202 Thread 0x0000000003030800 Exception <a 'java/security/PrivilegedActionException'> (0x00000000d65628d0) thrown at [C:\re\workspace\8-2-build-windows-amd64-cygwin\jdk8u144\9417\hotspot\src\share\vm\prims\jvm.cpp, line 1390]
Event: 0.262 Thread 0x0000000003030800 Exception <a 'java/security/PrivilegedActionException'> (0x00000000d6603998) thrown at [C:\re\workspace\8-2-build-windows-amd64-cygwin\jdk8u144\9417\hotspot\src\share\vm\prims\jvm.cpp, line 1390]
Event: 0.262 Thread 0x0000000003030800 Exception <a 'java/security/PrivilegedActionException'> (0x00000000d6603ba8) thrown at [C:\re\workspace\8-2-build-windows-amd64-cygwin\jdk8u144\9417\hotspot\src\share\vm\prims\jvm.cpp, line 1390]
Event: 0.263 Thread 0x0000000003030800 Exception <a 'java/security/PrivilegedActionException'> (0x00000000d6607818) thrown at [C:\re\workspace\8-2-build-windows-amd64-cygwin\jdk8u144\9417\hotspot\src\share\vm\prims\jvm.cpp, line 1390]
Event: 0.263 Thread 0x0000000003030800 Exception <a 'java/security/PrivilegedActionException'> (0x00000000d6607a28) thrown at [C:\re\workspace\8-2-build-windows-amd64-cygwin\jdk8u144\9417\hotspot\src\share\vm\prims\jvm.cpp, line 1390]

Events (10 events):
Event: 0.700 loading class java/nio/IntBuffer
Event: 0.701 loading class java/nio/IntBuffer done
Event: 0.701 loading class java/nio/FloatBuffer
Event: 0.701 loading class java/nio/FloatBuffer done
Event: 0.701 loading class java/nio/DoubleBuffer
Event: 0.701 loading class java/nio/DoubleBuffer done
Event: 0.701 loading class java/lang/AssertionError
Event: 0.701 loading class java/lang/AssertionError done
Event: 0.711 loading class org/bytedeco/javacpp/annotation/Opaque
Event: 0.711 loading class org/bytedeco/javacpp/annotation/Opaque done


Dynamic libraries:
0x00007ff7b6420000 - 0x00007ff7b6457000 	C:\Program Files\Java\jre1.8.0_144\bin\javaw.exe
0x00007ffc479b0000 - 0x00007ffc47b8b000 	C:\Windows\SYSTEM32\ntdll.dll
0x00007ffc44fd0000 - 0x00007ffc4507e000 	C:\Windows\System32\KERNEL32.DLL
0x00007ffc44ab0000 - 0x00007ffc44cf9000 	C:\Windows\System32\KERNELBASE.dll
0x00007ffc45950000 - 0x00007ffc459f1000 	C:\Windows\System32\ADVAPI32.dll
0x00007ffc47860000 - 0x00007ffc478fd000 	C:\Windows\System32\msvcrt.dll
0x00007ffc45d50000 - 0x00007ffc45da9000 	C:\Windows\System32\sechost.dll
0x00007ffc45c20000 - 0x00007ffc45d45000 	C:\Windows\System32\RPCRT4.dll
0x00007ffc47570000 - 0x00007ffc476ba000 	C:\Windows\System32\USER32.dll
0x00007ffc44d00000 - 0x00007ffc44d1e000 	C:\Windows\System32\win32u.dll
0x00007ffc45840000 - 0x00007ffc45867000 	C:\Windows\System32\GDI32.dll
0x00007ffc44d20000 - 0x00007ffc44ea8000 	C:\Windows\System32\gdi32full.dll
0x00007ffc44720000 - 0x00007ffc447ba000 	C:\Windows\System32\msvcp_win.dll
0x00007ffc44620000 - 0x00007ffc44716000 	C:\Windows\System32\ucrtbase.dll
0x00007ffc37970000 - 0x00007ffc37bd7000 	C:\Windows\WinSxS\amd64_microsoft.windows.common-controls_6595b64144ccf1df_6.0.15063.483_none_26002d27e7c744a2\COMCTL32.dll
0x00007ffc47270000 - 0x00007ffc47569000 	C:\Windows\System32\combase.dll
0x00007ffc44a40000 - 0x00007ffc44aaa000 	C:\Windows\System32\bcryptPrimitives.dll
0x00007ffc45810000 - 0x00007ffc4583d000 	C:\Windows\System32\IMM32.DLL
0x00000000504e0000 - 0x00000000505b2000 	C:\Program Files\Java\jre1.8.0_144\bin\msvcr100.dll
0x0000000050770000 - 0x000000005100d000 	C:\Program Files\Java\jre1.8.0_144\bin\server\jvm.dll
0x00007ffc45940000 - 0x00007ffc45948000 	C:\Windows\System32\PSAPI.DLL
0x00007ffc3b730000 - 0x00007ffc3b739000 	C:\Windows\SYSTEM32\WSOCK32.dll
0x00007ffc42200000 - 0x00007ffc42223000 	C:\Windows\SYSTEM32\WINMM.dll
0x00007ffc45360000 - 0x00007ffc453cc000 	C:\Windows\System32\WS2_32.dll
0x00007ffc37ee0000 - 0x00007ffc37eea000 	C:\Windows\SYSTEM32\VERSION.dll
0x00007ffc41f10000 - 0x00007ffc41f3b000 	C:\Windows\SYSTEM32\WINMMBASE.dll
0x00007ffc43ed0000 - 0x00007ffc43f19000 	C:\Windows\System32\cfgmgr32.dll
0x00000000514c0000 - 0x00000000514cf000 	C:\Program Files\Java\jre1.8.0_144\bin\verify.dll
0x0000000050660000 - 0x0000000050689000 	C:\Program Files\Java\jre1.8.0_144\bin\java.dll
0x0000000050640000 - 0x0000000050656000 	C:\Program Files\Java\jre1.8.0_144\bin\zip.dll
0x00007ffc45e30000 - 0x00007ffc47267000 	C:\Windows\System32\SHELL32.dll
0x00007ffc47900000 - 0x00007ffc479aa000 	C:\Windows\System32\shcore.dll
0x00007ffc43f20000 - 0x00007ffc44613000 	C:\Windows\System32\windows.storage.dll
0x00007ffc44f10000 - 0x00007ffc44f61000 	C:\Windows\System32\shlwapi.dll
0x00007ffc43e60000 - 0x00007ffc43e71000 	C:\Windows\System32\kernel.appcore.dll
0x00007ffc43e80000 - 0x00007ffc43ecc000 	C:\Windows\System32\powrprof.dll
0x00007ffc43e20000 - 0x00007ffc43e35000 	C:\Windows\System32\profapi.dll
0x00007ffc24740000 - 0x00007ffc2482f000 	C:\Users\ThongLee\.javacpp\cache\opencv-windows-x86_64.jar\org\bytedeco\javacpp\windows-x86_64\msvcr120.dll
0x00007ffc28e40000 - 0x00007ffc28ee6000 	C:\Users\ThongLee\.javacpp\cache\opencv-windows-x86_64.jar\org\bytedeco\javacpp\windows-x86_64\msvcp120.dll
0x00007ffc244b0000 - 0x00007ffc24738000 	C:\Users\ThongLee\.javacpp\cache\opencv-windows-x86_64.jar\org\bytedeco\javacpp\windows-x86_64\opencv_core320.dll
0x00007ffc0ad20000 - 0x00007ffc0b082000 	C:\Users\ThongLee\.javacpp\cache\opencv-windows-x86_64.jar\org\bytedeco\javacpp\windows-x86_64\opencv_imgproc320.dll
0x00007ffc09140000 - 0x00007ffc0938a000 	C:\Users\ThongLee\.javacpp\cache\opencv-windows-x86_64.jar\org\bytedeco\javacpp\windows-x86_64\jniopencv_core.dll
0x0000000050620000 - 0x000000005063a000 	C:\Program Files\Java\jre1.8.0_144\bin\net.dll
0x00007ffc436d0000 - 0x00007ffc4372c000 	C:\Windows\system32\mswsock.dll
0x0000000050600000 - 0x0000000050611000 	C:\Program Files\Java\jre1.8.0_144\bin\nio.dll
0x00007ffc243c0000 - 0x00007ffc244b0000 	C:\Users\ThongLee\.javacpp\cache\opencv-windows-x86_64.jar\org\bytedeco\javacpp\windows-x86_64\jniopencv_imgproc.dll
0x00007ffc08e70000 - 0x00007ffc0913a000 	C:\Users\ThongLee\.javacpp\cache\opencv-windows-x86_64.jar\org\bytedeco\javacpp\windows-x86_64\opencv_imgcodecs320.dll
0x00007ffc3f3b0000 - 0x00007ffc3f3d5000 	C:\Users\ThongLee\.javacpp\cache\opencv-windows-x86_64.jar\org\bytedeco\javacpp\windows-x86_64\jniopencv_imgcodecs.dll
0x00007ffc328d0000 - 0x00007ffc32a79000 	C:\Windows\SYSTEM32\dbghelp.dll

VM Arguments:
jvm_args: -Djava.library.path=C:\opencv\build\java\x64 -Dfile.encoding=UTF-8 
java_command: Program
java_class_path (initial): D:\eclipse-workspace\JavaCv1\bin;D:\eclipse-workspace\guava.jar;C:\javacv\javacpp.jar;C:\javacv\javacv.jar;C:\javacv\opencv.jar;C:\javacv\opencv-windows-x86_64.jar;C:\opencv\build\java\opencv-330.jar
Launcher Type: SUN_STANDARD

Environment Variables:
PATH=C:/Program Files/Java/jre1.8.0_144/bin/server;C:/Program Files/Java/jre1.8.0_144/bin;C:/Program Files/Java/jre1.8.0_144/lib/amd64;C:\ProgramData\Oracle\Java\javapath;C:\Windows\system32;C:\Windows;C:\Windows\System32\Wbem;C:\Windows\System32\WindowsPowerShell\v1.0\;C:\Program Files (x86)\ATI Technologies\ATI.ACE\Core-Static;C:\Program Files\dotnet\;C:\Program Files\Microsoft SQL Server\130\Tools\Binn\;C:\Program Files\Git\cmd;C:\Program Files (x86)\Skype\Phone\;C:\Users\ThongLee\AppData\Local\Android\android-sdk\platform-tools;C:\Program Files\nodejs\;C:\opencv\build\x64\vc14\bin;C:\Program Files\CMake\bin;C:\Users\ThongLee\AppData\Local\Microsoft\WindowsApps;C:\Program Files (x86)\Microsoft VS Code\bin;C:\Progress\OpenEdge\bin;C:\Program Files (x86)\Microsoft SDKs\TypeScript\2.2;C:\Users\ThongLee\AppData\Roaming\npm;C:\eclipse;
USERNAME=ThongLee
OS=Windows_NT
PROCESSOR_IDENTIFIER=Intel64 Family 6 Model 58 Stepping 9, GenuineIntel



---------------  S Y S T E M  ---------------

OS: Windows 10.0 , 64 bit Build 15063 (10.0.15063.296)

CPU:total 4 (initial active 4) (2 cores per cpu, 2 threads per core) family 6 model 58 stepping 9, cmov, cx8, fxsr, mmx, sse, sse2, sse3, ssse3, sse4.1, sse4.2, popcnt, avx, clmul, erms, ht, tsc, tscinvbit, tscinv

Memory: 4k page, physical 8206040k(4316248k free), swap 14583576k(2960076k free)

vm_info: Java HotSpot(TM) 64-Bit Server VM (25.144-b01) for windows-amd64 JRE (1.8.0_144-b01), built on Jul 21 2017 21:57:33 by "java_re" with MS VC++ 10.0 (VS2010)

time: Mon Sep 11 16:47:00 2017
elapsed time: 0 seconds (0d 0h 0m 0s)

