#
# A fatal error has been detected by the Java Runtime Environment:
#
#  EXCEPTION_UNCAUGHT_CXX_EXCEPTION (0xe06d7363) at pc=0x00007ffc44b19e08, pid=10284, tid=0x0000000000004098
#
# JRE version: Java(TM) SE Runtime Environment (8.0_144-b01) (build 1.8.0_144-b01)
# Java VM: Java HotSpot(TM) 64-Bit Server VM (25.144-b01 mixed mode windows-amd64 compressed oops)
# Problematic frame:
# C  [KERNELBASE.dll+0x69e08]
#
# Failed to write core dump. Minidumps are not enabled by default on client versions of Windows
#
# If you would like to submit a bug report, please visit:
#   http://bugreport.java.com/bugreport/crash.jsp
# The crash happened outside the Java Virtual Machine in native code.
# See problematic frame for where to report the bug.
#

---------------  T H R E A D  ---------------

Current thread (0x00000000030de800):  JavaThread "main" [_thread_in_native, id=16536, stack(0x0000000002f30000,0x0000000003030000)]

siginfo: ExceptionCode=0xe06d7363, ExceptionInformation=0x0000000019930520 0x000000000301def0 0x00007ffc246fcd78 0x00007ffc244b0000 

Registers:
RAX=0x00000000175f0778, RBX=0x00007ffc246fcd78, RCX=0x0000000017518c58, RDX=0x00000000000000ff
RSP=0x000000000301dd60, RBP=0x000000000301dea0, RSI=0x00007ffc0af20f90, RDI=0x000000000301def0
R8 =0xffffff731a244a70, R9 =0x000000001750d530, R10=0x0000000001228b88, R11=0x0000000001220150
R12=0x00000000ffffff29, R13=0x0000000000000000, R14=0x00007ffc0af20b80, R15=0x000000000302e1e8
RIP=0x00007ffc44b19e08, EFLAGS=0x0000000000000206

Top of Stack: (sp=0x000000000301dd60)
0x000000000301dd60:   0000000000000000 00007ffc246fcd78
0x000000000301dd70:   00007ffc0af20f90 000000000301def0
0x000000000301dd80:   00000001e06d7363 0000000000000000
0x000000000301dd90:   00007ffc44b19e08 0000000000000004
0x000000000301dda0:   0000000019930520 000000000301def0
0x000000000301ddb0:   00007ffc246fcd78 00007ffc244b0000
0x000000000301ddc0:   00007ffc0af20b80 00000000ffffff29
0x000000000301ddd0:   000000000301def0 00007ffc0af20f90
0x000000000301dde0:   000000000301dea0 00007ffc479cba13
0x000000000301ddf0:   000000000301deb0 00007ffc00000000
0x000000000301de00:   000000000301def0 00007ffc2479d306
0x000000000301de10:   00007ffc2471f000 00007ffc244b0000
0x000000000301de20:   0000e09997bf9dc2 00007ffc2481c4d0
0x000000000301de30:   00007ffc246fcd78 00007ffc2479ef63
0x000000000301de40:   000000000301def0 00007ffc2476eb8d
0x000000000301de50:   00007ffc2481c4d0 00007ffc0af20f90 

Instructions: (pc=0x00007ffc44b19e08)
0x00007ffc44b19de8:   49 8b d1 44 0f 47 c0 44 89 44 24 38 49 c1 e0 03
0x00007ffc44b19df8:   e8 1b db 01 00 48 8d 4c 24 20 ff 15 d0 c7 0f 00
0x00007ffc44b19e08:   48 8b 8c 24 c0 00 00 00 48 33 cc e8 78 b0 01 00
0x00007ffc44b19e18:   48 81 c4 d8 00 00 00 c3 83 64 24 38 00 eb d6 cc 


Register to memory mapping:

RAX=0x00000000175f0778 is pointing into metadata
RBX=0x00007ffc246fcd78 is an unknown value
RCX=0x0000000017518c58 is pointing into metadata
RDX=0x00000000000000ff is an unknown value
RSP=0x000000000301dd60 is pointing into the stack for thread: 0x00000000030de800
RBP=0x000000000301dea0 is pointing into the stack for thread: 0x00000000030de800
RSI=0x00007ffc0af20f90 is an unknown value
RDI=0x000000000301def0 is pointing into the stack for thread: 0x00000000030de800
R8 =0xffffff731a244a70 is an unknown value
R9 =0x000000001750d530 is pointing into metadata
R10=0x0000000001228b88 is an unknown value
R11=0x0000000001220150 is an unknown value
R12=0x00000000ffffff29 is an unallocated location in the heap
R13=0x0000000000000000 is an unknown value
R14=0x00007ffc0af20b80 is an unknown value
R15=0x000000000302e1e8 is pointing into the stack for thread: 0x00000000030de800


Stack: [0x0000000002f30000,0x0000000003030000],  sp=0x000000000301dd60,  free space=951k
Native frames: (J=compiled Java code, j=interpreted, Vv=VM code, C=native code)
C  [KERNELBASE.dll+0x69e08]
C  [msvcr120.dll+0x5ef63]
C  [opencv_core320.dll+0x1a2c34]
C  [opencv_core320.dll+0x1a2d76]
C  [opencv_imgproc320.dll+0x3faf2]
C  [opencv_imgproc320.dll+0x46c15]
C  [jniopencv_imgproc.dll+0x6e52d]
C  0x00000000031f7f74

Java frames: (J=compiled Java code, j=interpreted, Vv=VM code)
j  org.bytedeco.javacpp.opencv_imgproc.cvCvtColor(Lorg/bytedeco/javacpp/helper/opencv_core$CvArr;Lorg/bytedeco/javacpp/helper/opencv_core$CvArr;I)V+0
j  Program.main([Ljava/lang/String;)V+48
v  ~StubRoutines::call_stub

---------------  P R O C E S S  ---------------

Java Threads: ( => current thread )
  0x000000001a07f800 JavaThread "JavaCPP Deallocator" daemon [_thread_blocked, id=13652, stack(0x000000001b370000,0x000000001b470000)]
  0x0000000017cbe800 JavaThread "Service Thread" daemon [_thread_blocked, id=17720, stack(0x00000000199a0000,0x0000000019aa0000)]
  0x0000000017c73000 JavaThread "C1 CompilerThread2" daemon [_thread_blocked, id=5796, stack(0x00000000194a0000,0x00000000195a0000)]
  0x0000000017c61000 JavaThread "C2 CompilerThread1" daemon [_thread_blocked, id=13728, stack(0x00000000193a0000,0x00000000194a0000)]
  0x0000000017c5d800 JavaThread "C2 CompilerThread0" daemon [_thread_blocked, id=17368, stack(0x00000000192a0000,0x00000000193a0000)]
  0x0000000017c5c000 JavaThread "Attach Listener" daemon [_thread_blocked, id=4788, stack(0x00000000191a0000,0x00000000192a0000)]
  0x0000000017c5a800 JavaThread "Signal Dispatcher" daemon [_thread_blocked, id=4412, stack(0x00000000190a0000,0x00000000191a0000)]
  0x0000000017c4a800 JavaThread "Finalizer" daemon [_thread_blocked, id=6148, stack(0x0000000018eb0000,0x0000000018fb0000)]
  0x00000000031d0800 JavaThread "Reference Handler" daemon [_thread_blocked, id=14368, stack(0x0000000018db0000,0x0000000018eb0000)]
=>0x00000000030de800 JavaThread "main" [_thread_in_native, id=16536, stack(0x0000000002f30000,0x0000000003030000)]

Other Threads:
  0x0000000017c28000 VMThread [stack: 0x0000000018cb0000,0x0000000018db0000] [id=11416]
  0x00000000195e6800 WatcherThread [stack: 0x0000000019aa0000,0x0000000019ba0000] [id=12300]

VM state:not at safepoint (normal execution)

VM Mutex/Monitor currently owned by a thread: None

Heap:
 PSYoungGen      total 37888K, used 17243K [0x00000000d6400000, 0x00000000d8e00000, 0x0000000100000000)
  eden space 32768K, 52% used [0x00000000d6400000,0x00000000d74d6f18,0x00000000d8400000)
  from space 5120K, 0% used [0x00000000d8900000,0x00000000d8900000,0x00000000d8e00000)
  to   space 5120K, 0% used [0x00000000d8400000,0x00000000d8400000,0x00000000d8900000)
 ParOldGen       total 86016K, used 0K [0x0000000082c00000, 0x0000000088000000, 0x00000000d6400000)
  object space 86016K, 0% used [0x0000000082c00000,0x0000000082c00000,0x0000000088000000)
 Metaspace       used 6067K, capacity 6656K, committed 6912K, reserved 1056768K
  class space    used 649K, capacity 688K, committed 768K, reserved 1048576K

Card table byte_map: [0x00000000125a0000,0x0000000012990000] byte_map_base: 0x000000001218a000

Marking Bits: (ParMarkBitMap*) 0x0000000050f8d850
 Begin Bits: [0x0000000013030000, 0x0000000014f80000)
 End Bits:   [0x0000000014f80000, 0x0000000016ed0000)

Polling page: 0x0000000002f10000

CodeCache: size=245760Kb used=2477Kb max_used=2516Kb free=243282Kb
 bounds [0x00000000031e0000, 0x0000000003460000, 0x00000000121e0000]
 total_blobs=850 nmethods=457 adapters=306
 compilation: enabled

Compilation events (10 events):
Event: 1.039 Thread 0x0000000017c73000  452       3       java.util.Arrays$ArrayList::get (7 bytes)
Event: 1.039 Thread 0x0000000017c73000 nmethod 452 0x000000000343ee50 code [0x000000000343efa0, 0x000000000343f110]
Event: 1.041 Thread 0x0000000017c73000  454       3       java.net.URI$Parser::at (20 bytes)
Event: 1.041 Thread 0x0000000017c73000 nmethod 454 0x000000000343f210 code [0x000000000343f3a0, 0x000000000343f7e8]
Event: 1.042 Thread 0x0000000017c73000  455       3       java.net.URI$Parser::checkChars (44 bytes)
Event: 1.043 Thread 0x0000000017c73000 nmethod 455 0x000000000343fa50 code [0x000000000343fc40, 0x0000000003440568]
Event: 1.043 Thread 0x0000000017c73000  456       3       java.lang.ThreadLocal$ThreadLocalMap::access$000 (6 bytes)
Event: 1.044 Thread 0x0000000017c73000 nmethod 456 0x0000000003440ad0 code [0x0000000003440c40, 0x0000000003440da8]
Event: 1.044 Thread 0x0000000017c73000  457       3       java.lang.ThreadLocal$ThreadLocalMap::getEntry (42 bytes)
Event: 1.044 Thread 0x0000000017c73000 nmethod 457 0x0000000003440e90 code [0x0000000003441000, 0x00000000034412e8]

GC Heap History (0 events):
No events

Deoptimization events (0 events):
No events

Internal exceptions (10 events):
Event: 0.286 Thread 0x00000000030de800 Exception <a 'java/security/PrivilegedActionException'> (0x00000000d65e1178) thrown at [C:\re\workspace\8-2-build-windows-amd64-cygwin\jdk8u144\9417\hotspot\src\share\vm\prims\jvm.cpp, line 1390]
Event: 0.287 Thread 0x00000000030de800 Exception <a 'java/security/PrivilegedActionException'> (0x00000000d65e1388) thrown at [C:\re\workspace\8-2-build-windows-amd64-cygwin\jdk8u144\9417\hotspot\src\share\vm\prims\jvm.cpp, line 1390]
Event: 0.287 Thread 0x00000000030de800 Exception <a 'java/security/PrivilegedActionException'> (0x00000000d65e2110) thrown at [C:\re\workspace\8-2-build-windows-amd64-cygwin\jdk8u144\9417\hotspot\src\share\vm\prims\jvm.cpp, line 1390]
Event: 0.287 Thread 0x00000000030de800 Exception <a 'java/security/PrivilegedActionException'> (0x00000000d65e2320) thrown at [C:\re\workspace\8-2-build-windows-amd64-cygwin\jdk8u144\9417\hotspot\src\share\vm\prims\jvm.cpp, line 1390]
Event: 0.287 Thread 0x00000000030de800 Exception <a 'java/security/PrivilegedActionException'> (0x00000000d65e30a0) thrown at [C:\re\workspace\8-2-build-windows-amd64-cygwin\jdk8u144\9417\hotspot\src\share\vm\prims\jvm.cpp, line 1390]
Event: 0.287 Thread 0x00000000030de800 Exception <a 'java/security/PrivilegedActionException'> (0x00000000d65e32b0) thrown at [C:\re\workspace\8-2-build-windows-amd64-cygwin\jdk8u144\9417\hotspot\src\share\vm\prims\jvm.cpp, line 1390]
Event: 0.356 Thread 0x00000000030de800 Exception <a 'java/security/PrivilegedActionException'> (0x00000000d66a72e8) thrown at [C:\re\workspace\8-2-build-windows-amd64-cygwin\jdk8u144\9417\hotspot\src\share\vm\prims\jvm.cpp, line 1390]
Event: 0.356 Thread 0x00000000030de800 Exception <a 'java/security/PrivilegedActionException'> (0x00000000d66a74f8) thrown at [C:\re\workspace\8-2-build-windows-amd64-cygwin\jdk8u144\9417\hotspot\src\share\vm\prims\jvm.cpp, line 1390]
Event: 0.357 Thread 0x00000000030de800 Exception <a 'java/security/PrivilegedActionException'> (0x00000000d66ab168) thrown at [C:\re\workspace\8-2-build-windows-amd64-cygwin\jdk8u144\9417\hotspot\src\share\vm\prims\jvm.cpp, line 1390]
Event: 0.357 Thread 0x00000000030de800 Exception <a 'java/security/PrivilegedActionException'> (0x00000000d66ab378) thrown at [C:\re\workspace\8-2-build-windows-amd64-cygwin\jdk8u144\9417\hotspot\src\share\vm\prims\jvm.cpp, line 1390]

Events (10 events):
Event: 0.958 loading class java/nio/ShortBuffer
Event: 0.959 loading class java/nio/ShortBuffer done
Event: 0.959 loading class java/nio/IntBuffer
Event: 0.959 loading class java/nio/IntBuffer done
Event: 0.959 loading class java/nio/FloatBuffer
Event: 0.959 loading class java/nio/FloatBuffer done
Event: 0.959 loading class java/nio/DoubleBuffer
Event: 0.959 loading class java/nio/DoubleBuffer done
Event: 1.007 loading class org/bytedeco/javacpp/annotation/Opaque
Event: 1.007 loading class org/bytedeco/javacpp/annotation/Opaque done


Dynamic libraries:
0x00007ff7b6420000 - 0x00007ff7b6457000 	C:\Program Files\Java\jre1.8.0_144\bin\javaw.exe
0x00007ffc479b0000 - 0x00007ffc47b8b000 	C:\Windows\SYSTEM32\ntdll.dll
0x00007ffc44fd0000 - 0x00007ffc4507e000 	C:\Windows\System32\KERNEL32.DLL
0x00007ffc44ab0000 - 0x00007ffc44cf9000 	C:\Windows\System32\KERNELBASE.dll
0x00007ffc45950000 - 0x00007ffc459f1000 	C:\Windows\System32\ADVAPI32.dll
0x00007ffc47860000 - 0x00007ffc478fd000 	C:\Windows\System32\msvcrt.dll
0x00007ffc45d50000 - 0x00007ffc45da9000 	C:\Windows\System32\sechost.dll
0x00007ffc45c20000 - 0x00007ffc45d45000 	C:\Windows\System32\RPCRT4.dll
0x00007ffc47570000 - 0x00007ffc476ba000 	C:\Windows\System32\USER32.dll
0x00007ffc44d00000 - 0x00007ffc44d1e000 	C:\Windows\System32\win32u.dll
0x00007ffc45840000 - 0x00007ffc45867000 	C:\Windows\System32\GDI32.dll
0x00007ffc44d20000 - 0x00007ffc44ea8000 	C:\Windows\System32\gdi32full.dll
0x00007ffc44720000 - 0x00007ffc447ba000 	C:\Windows\System32\msvcp_win.dll
0x00007ffc44620000 - 0x00007ffc44716000 	C:\Windows\System32\ucrtbase.dll
0x00007ffc37970000 - 0x00007ffc37bd7000 	C:\Windows\WinSxS\amd64_microsoft.windows.common-controls_6595b64144ccf1df_6.0.15063.483_none_26002d27e7c744a2\COMCTL32.dll
0x00007ffc47270000 - 0x00007ffc47569000 	C:\Windows\System32\combase.dll
0x00007ffc44a40000 - 0x00007ffc44aaa000 	C:\Windows\System32\bcryptPrimitives.dll
0x00007ffc45810000 - 0x00007ffc4583d000 	C:\Windows\System32\IMM32.DLL
0x00000000504e0000 - 0x00000000505b2000 	C:\Program Files\Java\jre1.8.0_144\bin\msvcr100.dll
0x0000000050770000 - 0x000000005100d000 	C:\Program Files\Java\jre1.8.0_144\bin\server\jvm.dll
0x00007ffc45940000 - 0x00007ffc45948000 	C:\Windows\System32\PSAPI.DLL
0x00007ffc3b730000 - 0x00007ffc3b739000 	C:\Windows\SYSTEM32\WSOCK32.dll
0x00007ffc42200000 - 0x00007ffc42223000 	C:\Windows\SYSTEM32\WINMM.dll
0x00007ffc45360000 - 0x00007ffc453cc000 	C:\Windows\System32\WS2_32.dll
0x00007ffc37ee0000 - 0x00007ffc37eea000 	C:\Windows\SYSTEM32\VERSION.dll
0x00007ffc41f10000 - 0x00007ffc41f3b000 	C:\Windows\SYSTEM32\winmmbase.dll
0x00007ffc43ed0000 - 0x00007ffc43f19000 	C:\Windows\System32\cfgmgr32.dll
0x00000000514c0000 - 0x00000000514cf000 	C:\Program Files\Java\jre1.8.0_144\bin\verify.dll
0x0000000050660000 - 0x0000000050689000 	C:\Program Files\Java\jre1.8.0_144\bin\java.dll
0x0000000050640000 - 0x0000000050656000 	C:\Program Files\Java\jre1.8.0_144\bin\zip.dll
0x00007ffc45e30000 - 0x00007ffc47267000 	C:\Windows\System32\SHELL32.dll
0x00007ffc47900000 - 0x00007ffc479aa000 	C:\Windows\System32\shcore.dll
0x00007ffc43f20000 - 0x00007ffc44613000 	C:\Windows\System32\windows.storage.dll
0x00007ffc44f10000 - 0x00007ffc44f61000 	C:\Windows\System32\shlwapi.dll
0x00007ffc43e60000 - 0x00007ffc43e71000 	C:\Windows\System32\kernel.appcore.dll
0x00007ffc43e80000 - 0x00007ffc43ecc000 	C:\Windows\System32\powrprof.dll
0x00007ffc43e20000 - 0x00007ffc43e35000 	C:\Windows\System32\profapi.dll
0x00007ffc24740000 - 0x00007ffc2482f000 	C:\Users\ThongLee\.javacpp\cache\opencv-windows-x86_64.jar\org\bytedeco\javacpp\windows-x86_64\msvcr120.dll
0x00007ffc28e40000 - 0x00007ffc28ee6000 	C:\Users\ThongLee\.javacpp\cache\opencv-windows-x86_64.jar\org\bytedeco\javacpp\windows-x86_64\msvcp120.dll
0x00007ffc244b0000 - 0x00007ffc24738000 	C:\Users\ThongLee\.javacpp\cache\opencv-windows-x86_64.jar\org\bytedeco\javacpp\windows-x86_64\opencv_core320.dll
0x00007ffc0ad20000 - 0x00007ffc0b082000 	C:\Users\ThongLee\.javacpp\cache\opencv-windows-x86_64.jar\org\bytedeco\javacpp\windows-x86_64\opencv_imgproc320.dll
0x00007ffc09140000 - 0x00007ffc0938a000 	C:\Users\ThongLee\.javacpp\cache\opencv-windows-x86_64.jar\org\bytedeco\javacpp\windows-x86_64\jniopencv_core.dll
0x0000000050620000 - 0x000000005063a000 	C:\Program Files\Java\jre1.8.0_144\bin\net.dll
0x00007ffc436d0000 - 0x00007ffc4372c000 	C:\Windows\system32\mswsock.dll
0x0000000050600000 - 0x0000000050611000 	C:\Program Files\Java\jre1.8.0_144\bin\nio.dll
0x00007ffc243c0000 - 0x00007ffc244b0000 	C:\Users\ThongLee\.javacpp\cache\opencv-windows-x86_64.jar\org\bytedeco\javacpp\windows-x86_64\jniopencv_imgproc.dll
0x00007ffc08e70000 - 0x00007ffc0913a000 	C:\Users\ThongLee\.javacpp\cache\opencv-windows-x86_64.jar\org\bytedeco\javacpp\windows-x86_64\opencv_imgcodecs320.dll
0x00007ffc3f3b0000 - 0x00007ffc3f3d5000 	C:\Users\ThongLee\.javacpp\cache\opencv-windows-x86_64.jar\org\bytedeco\javacpp\windows-x86_64\jniopencv_imgcodecs.dll
0x00007ffc328d0000 - 0x00007ffc32a79000 	C:\Windows\SYSTEM32\dbghelp.dll

VM Arguments:
jvm_args: -Djava.library.path=C:\opencv\build\java\x64 -Dfile.encoding=UTF-8 
java_command: Program
java_class_path (initial): D:\eclipse-workspace\JavaCv1\bin;D:\eclipse-workspace\guava.jar;C:\javacv\artoolkitplus.jar;C:\javacv\artoolkitplus-android-arm.jar;C:\javacv\artoolkitplus-android-x86.jar;C:\javacv\artoolkitplus-linux-armhf.jar;C:\javacv\artoolkitplus-linux-ppc64le.jar;C:\javacv\artoolkitplus-linux-x86.jar;C:\javacv\artoolkitplus-linux-x86_64.jar;C:\javacv\artoolkitplus-macosx-x86_64.jar;C:\javacv\artoolkitplus-platform.jar;C:\javacv\artoolkitplus-windows-x86.jar;C:\javacv\artoolkitplus-windows-x86_64.jar;C:\javacv\ffmpeg.jar;C:\javacv\ffmpeg-android-arm.jar;C:\javacv\ffmpeg-android-x86.jar;C:\javacv\ffmpeg-linux-armhf.jar;C:\javacv\ffmpeg-linux-ppc64le.jar;C:\javacv\ffmpeg-linux-x86.jar;C:\javacv\ffmpeg-linux-x86_64.jar;C:\javacv\ffmpeg-macosx-x86_64.jar;C:\javacv\ffmpeg-platform.jar;C:\javacv\ffmpeg-windows-x86.jar;C:\javacv\ffmpeg-windows-x86_64.jar;C:\javacv\flandmark.jar;C:\javacv\flandmark-android-arm.jar;C:\javacv\flandmark-android-x86.jar;C:\javacv\flandmark-linux-armhf.jar;C:\javacv\flandmark-linux-ppc64le.jar;C:\javacv\flandmark-linux-x86.jar;C:\javacv\flandmark-linux-x86_64.jar;C:\javacv\flandmark-macosx-x86_64.jar;C:\javacv\flandmark-platform.jar;C:\javacv\flandmark-windows-x86.jar;C:\javacv\flandmark-windows-x86_64.jar;C:\javacv\flycapture.jar;C:\javacv\flycapture-linux-armhf.jar;C:\javacv\flycapture-linux-x86.jar;C:\javacv\flycapture-linux-x86_64.jar;C:\javacv\flycapture-platform.jar;C:\javacv\flycapture-windows-x86.jar;C:\javacv\flycapture-windows-x86_64.jar;C:\javacv\javacpp.jar;C:\javacv\javacv.jar;C:\javacv\javacv-platform.jar;C:\javacv\libdc1394.jar;C:\javacv\libdc1394-linux-armhf.jar;C:\javacv\libdc1394-linux-ppc64le.jar;C:\javacv\libdc1394-linux-x86.jar;C:\javacv\libdc1394-linux-x86_64.jar;C:\javacv\libdc1394-macosx-x86_64.jar;C:\javacv\libdc1394-platform.jar;C:\javacv\libdc1394-windows-x86.jar;C:\javacv\libdc1394-windows-x86_64.jar;C:\javacv\libfreenect.jar;C:\javacv\libfreenect2.jar;C:\javacv\libfreenect2-linux-x86.jar;C:\javacv\l
Launcher Type: SUN_STANDARD

Environment Variables:
PATH=C:/Program Files/Java/jre1.8.0_144/bin/server;C:/Program Files/Java/jre1.8.0_144/bin;C:/Program Files/Java/jre1.8.0_144/lib/amd64;C:\ProgramData\Oracle\Java\javapath;C:\Windows\system32;C:\Windows;C:\Windows\System32\Wbem;C:\Windows\System32\WindowsPowerShell\v1.0\;C:\Program Files (x86)\ATI Technologies\ATI.ACE\Core-Static;C:\Program Files\dotnet\;C:\Program Files\Microsoft SQL Server\130\Tools\Binn\;C:\Program Files\Git\cmd;C:\Program Files (x86)\Skype\Phone\;C:\Users\ThongLee\AppData\Local\Android\android-sdk\platform-tools;C:\Program Files\nodejs\;C:\opencv\build\x64\vc14\bin;C:\Program Files\CMake\bin;C:\Users\ThongLee\AppData\Local\Microsoft\WindowsApps;C:\Program Files (x86)\Microsoft VS Code\bin;C:\Progress\OpenEdge\bin;C:\Program Files (x86)\Microsoft SDKs\TypeScript\2.2;C:\Users\ThongLee\AppData\Roaming\npm;C:\eclipse;
USERNAME=ThongLee
OS=Windows_NT
PROCESSOR_IDENTIFIER=Intel64 Family 6 Model 58 Stepping 9, GenuineIntel



---------------  S Y S T E M  ---------------

OS: Windows 10.0 , 64 bit Build 15063 (10.0.15063.296)

CPU:total 4 (initial active 4) (2 cores per cpu, 2 threads per core) family 6 model 58 stepping 9, cmov, cx8, fxsr, mmx, sse, sse2, sse3, ssse3, sse4.1, sse4.2, popcnt, avx, clmul, erms, ht, tsc, tscinvbit, tscinv

Memory: 4k page, physical 8206040k(3421536k free), swap 14473096k(1969760k free)

vm_info: Java HotSpot(TM) 64-Bit Server VM (25.144-b01) for windows-amd64 JRE (1.8.0_144-b01), built on Jul 21 2017 21:57:33 by "java_re" with MS VC++ 10.0 (VS2010)

time: Mon Sep 11 20:48:45 2017
elapsed time: 1 seconds (0d 0h 0m 1s)

