#
# A fatal error has been detected by the Java Runtime Environment:
#
#  EXCEPTION_UNCAUGHT_CXX_EXCEPTION (0xe06d7363) at pc=0x00007ffc44b19e08, pid=7628, tid=0x00000000000004e8
#
# JRE version: Java(TM) SE Runtime Environment (8.0_144-b01) (build 1.8.0_144-b01)
# Java VM: Java HotSpot(TM) 64-Bit Server VM (25.144-b01 mixed mode windows-amd64 compressed oops)
# Problematic frame:
# C  [KERNELBASE.dll+0x69e08]
#
# Failed to write core dump. Minidumps are not enabled by default on client versions of Windows
#
# If you would like to submit a bug report, please visit:
#   http://bugreport.java.com/bugreport/crash.jsp
# The crash happened outside the Java Virtual Machine in native code.
# See problematic frame for where to report the bug.
#

---------------  T H R E A D  ---------------

Current thread (0x000000000174e800):  JavaThread "main" [_thread_in_native, id=1256, stack(0x0000000002f30000,0x0000000003030000)]

siginfo: ExceptionCode=0xe06d7363, ExceptionInformation=0x0000000019930520 0x000000000301f2f0 0x00007ffc246fcd78 0x00007ffc244b0000 

Registers:
RAX=0x0000000000000000, RBX=0x00007ffc246fcd78, RCX=0x0000000000000000, RDX=0xcafebabe000000ff
RSP=0x000000000301f160, RBP=0x000000000301f2a0, RSI=0x00007ffc2468c298, RDI=0x000000000301f2f0
R8 =0x0000000017223888, R9 =0x000000000301ece8, R10=0x000000000129a178, R11=0x0000000001290150
R12=0x00000000ffffff29, R13=0x0000000000000000, R14=0x00007ffc2468bfe0, R15=0x000000000302f4c8
RIP=0x00007ffc44b19e08, EFLAGS=0x0000000000000206

Top of Stack: (sp=0x000000000301f160)
0x000000000301f160:   03fd174ae1924cb8 00007ffc246fcd78
0x000000000301f170:   00007ffc2468c298 000000000301f2f0
0x000000000301f180:   00000001e06d7363 0000000000000000
0x000000000301f190:   00007ffc44b19e08 0000000000000004
0x000000000301f1a0:   0000000019930520 000000000301f2f0
0x000000000301f1b0:   00007ffc246fcd78 00007ffc244b0000
0x000000000301f1c0:   00007ffc2468bfe0 00000000ffffff29
0x000000000301f1d0:   000000000301f2f0 00007ffc2468c298
0x000000000301f1e0:   000000000301f2a0 00007ffc479cba13
0x000000000301f1f0:   000000000301f2b0 00007ffc00000000
0x000000000301f200:   000000000301f2f0 00007ffc2479d306
0x000000000301f210:   00007ffc2471f000 00007ffc244b0000
0x000000000301f220:   00003a79dd0eca36 00007ffc2481c4d0
0x000000000301f230:   00007ffc246fcd78 00007ffc2479ef63
0x000000000301f240:   000000000301f2f0 00007ffc2476eb8d
0x000000000301f250:   00007ffc2481c4d0 00007ffc2468c298 

Instructions: (pc=0x00007ffc44b19e08)
0x00007ffc44b19de8:   49 8b d1 44 0f 47 c0 44 89 44 24 38 49 c1 e0 03
0x00007ffc44b19df8:   e8 1b db 01 00 48 8d 4c 24 20 ff 15 d0 c7 0f 00
0x00007ffc44b19e08:   48 8b 8c 24 c0 00 00 00 48 33 cc e8 78 b0 01 00
0x00007ffc44b19e18:   48 81 c4 d8 00 00 00 c3 83 64 24 38 00 eb d6 cc 


Register to memory mapping:

RAX=0x0000000000000000 is an unknown value
RBX=0x00007ffc246fcd78 is an unknown value
RCX=0x0000000000000000 is an unknown value
RDX=0xcafebabe000000ff is an unknown value
RSP=0x000000000301f160 is pointing into the stack for thread: 0x000000000174e800
RBP=0x000000000301f2a0 is pointing into the stack for thread: 0x000000000174e800
RSI=0x00007ffc2468c298 is an unknown value
RDI=0x000000000301f2f0 is pointing into the stack for thread: 0x000000000174e800
R8 ={method} {0x0000000017223890} 'addClass' '(Ljava/lang/Class;)V' in 'java/lang/ClassLoader'
R9 =0x000000000301ece8 is pointing into the stack for thread: 0x000000000174e800
R10=0x000000000129a178 is an unknown value
R11=0x0000000001290150 is an unknown value
R12=0x00000000ffffff29 is an unallocated location in the heap
R13=0x0000000000000000 is an unknown value
R14=0x00007ffc2468bfe0 is an unknown value
R15=0x000000000302f4c8 is pointing into the stack for thread: 0x000000000174e800


Stack: [0x0000000002f30000,0x0000000003030000],  sp=0x000000000301f160,  free space=956k
Native frames: (J=compiled Java code, j=interpreted, Vv=VM code, C=native code)
C  [KERNELBASE.dll+0x69e08]
C  [msvcr120.dll+0x5ef63]
C  [opencv_core320.dll+0x1a2c34]
C  [opencv_core320.dll+0x1a2d76]
C  [opencv_core320.dll+0x5660f]
C  [jniopencv_core.dll+0xf354b]
C  0x0000000003147f74

Java frames: (J=compiled Java code, j=interpreted, Vv=VM code)
j  org.bytedeco.javacpp.opencv_core.cvCopy(Lorg/bytedeco/javacpp/helper/opencv_core$CvArr;Lorg/bytedeco/javacpp/helper/opencv_core$CvArr;)V+0
j  Program.main([Ljava/lang/String;)V+39
v  ~StubRoutines::call_stub

---------------  P R O C E S S  ---------------

Java Threads: ( => current thread )
  0x0000000019d49000 JavaThread "JavaCPP Deallocator" daemon [_thread_blocked, id=15576, stack(0x000000001b2d0000,0x000000001b3d0000)]
  0x0000000017c0e800 JavaThread "Service Thread" daemon [_thread_blocked, id=7896, stack(0x0000000019900000,0x0000000019a00000)]
  0x0000000017bbb800 JavaThread "C1 CompilerThread2" daemon [_thread_blocked, id=1008, stack(0x0000000019400000,0x0000000019500000)]
  0x0000000017bb2800 JavaThread "C2 CompilerThread1" daemon [_thread_blocked, id=9884, stack(0x0000000019300000,0x0000000019400000)]
  0x0000000017baf000 JavaThread "C2 CompilerThread0" daemon [_thread_in_native, id=18200, stack(0x0000000019200000,0x0000000019300000)]
  0x0000000017bae000 JavaThread "Attach Listener" daemon [_thread_blocked, id=15792, stack(0x0000000019100000,0x0000000019200000)]
  0x0000000017bac800 JavaThread "Signal Dispatcher" daemon [_thread_blocked, id=4160, stack(0x0000000019000000,0x0000000019100000)]
  0x0000000017b9a800 JavaThread "Finalizer" daemon [_thread_blocked, id=16568, stack(0x0000000018e10000,0x0000000018f10000)]
  0x0000000003122000 JavaThread "Reference Handler" daemon [_thread_blocked, id=15872, stack(0x0000000018d10000,0x0000000018e10000)]
=>0x000000000174e800 JavaThread "main" [_thread_in_native, id=1256, stack(0x0000000002f30000,0x0000000003030000)]

Other Threads:
  0x0000000017b78000 VMThread [stack: 0x0000000018c10000,0x0000000018d10000] [id=17340]
  0x0000000019551000 WatcherThread [stack: 0x0000000019a00000,0x0000000019b00000] [id=10520]

VM state:not at safepoint (normal execution)

VM Mutex/Monitor currently owned by a thread: None

Heap:
 PSYoungGen      total 37888K, used 17244K [0x00000000d6400000, 0x00000000d8e00000, 0x0000000100000000)
  eden space 32768K, 52% used [0x00000000d6400000,0x00000000d74d7240,0x00000000d8400000)
  from space 5120K, 0% used [0x00000000d8900000,0x00000000d8900000,0x00000000d8e00000)
  to   space 5120K, 0% used [0x00000000d8400000,0x00000000d8400000,0x00000000d8900000)
 ParOldGen       total 86016K, used 0K [0x0000000082c00000, 0x0000000088000000, 0x00000000d6400000)
  object space 86016K, 0% used [0x0000000082c00000,0x0000000082c00000,0x0000000088000000)
 Metaspace       used 6074K, capacity 6656K, committed 6912K, reserved 1056768K
  class space    used 649K, capacity 688K, committed 768K, reserved 1048576K

Card table byte_map: [0x00000000124f0000,0x00000000128e0000] byte_map_base: 0x00000000120da000

Marking Bits: (ParMarkBitMap*) 0x0000000050f8d850
 Begin Bits: [0x0000000012f80000, 0x0000000014ed0000)
 End Bits:   [0x0000000014ed0000, 0x0000000016e20000)

Polling page: 0x0000000001690000

CodeCache: size=245760Kb used=2435Kb max_used=2447Kb free=243324Kb
 bounds [0x0000000003130000, 0x00000000033a0000, 0x0000000012130000]
 total_blobs=851 nmethods=458 adapters=306
 compilation: enabled

Compilation events (10 events):
Event: 0.759 Thread 0x0000000017bb2800  455       4       sun.misc.URLClassPath$JarLoader::findResource (18 bytes)
Event: 0.761 Thread 0x0000000017bb2800 nmethod 455 0x0000000003390510 code [0x0000000003390660, 0x0000000003390708]
Event: 0.761 Thread 0x0000000017bb2800  459       4       java.net.URI::match (56 bytes)
Event: 0.762 Thread 0x0000000017bb2800 nmethod 459 0x0000000003390210 code [0x0000000003390340, 0x0000000003390418]
Event: 0.762 Thread 0x0000000017bb2800  433       4       java.util.ArrayList::get (11 bytes)
Event: 0.763 Thread 0x0000000017bb2800 nmethod 433 0x00000000033948d0 code [0x0000000003394a00, 0x0000000003394ab8]
Event: 0.763 Thread 0x0000000017bb2800  434       4       java.util.ArrayList::rangeCheck (22 bytes)
Event: 0.764 Thread 0x0000000017bb2800 nmethod 434 0x000000000338ffd0 code [0x0000000003390100, 0x0000000003390178]
Event: 0.764 Thread 0x0000000017bb2800  435       4       java.util.ArrayList::elementData (7 bytes)
Event: 0.765 Thread 0x0000000017bb2800 nmethod 435 0x000000000338fd50 code [0x000000000338fe80, 0x000000000338ff18]

GC Heap History (0 events):
No events

Deoptimization events (0 events):
No events

Internal exceptions (10 events):
Event: 0.219 Thread 0x000000000174e800 Exception <a 'java/security/PrivilegedActionException'> (0x00000000d65e0ee8) thrown at [C:\re\workspace\8-2-build-windows-amd64-cygwin\jdk8u144\9417\hotspot\src\share\vm\prims\jvm.cpp, line 1390]
Event: 0.219 Thread 0x000000000174e800 Exception <a 'java/security/PrivilegedActionException'> (0x00000000d65e10f8) thrown at [C:\re\workspace\8-2-build-windows-amd64-cygwin\jdk8u144\9417\hotspot\src\share\vm\prims\jvm.cpp, line 1390]
Event: 0.219 Thread 0x000000000174e800 Exception <a 'java/security/PrivilegedActionException'> (0x00000000d65e1e80) thrown at [C:\re\workspace\8-2-build-windows-amd64-cygwin\jdk8u144\9417\hotspot\src\share\vm\prims\jvm.cpp, line 1390]
Event: 0.219 Thread 0x000000000174e800 Exception <a 'java/security/PrivilegedActionException'> (0x00000000d65e2090) thrown at [C:\re\workspace\8-2-build-windows-amd64-cygwin\jdk8u144\9417\hotspot\src\share\vm\prims\jvm.cpp, line 1390]
Event: 0.219 Thread 0x000000000174e800 Exception <a 'java/security/PrivilegedActionException'> (0x00000000d65e2e10) thrown at [C:\re\workspace\8-2-build-windows-amd64-cygwin\jdk8u144\9417\hotspot\src\share\vm\prims\jvm.cpp, line 1390]
Event: 0.220 Thread 0x000000000174e800 Exception <a 'java/security/PrivilegedActionException'> (0x00000000d65e3020) thrown at [C:\re\workspace\8-2-build-windows-amd64-cygwin\jdk8u144\9417\hotspot\src\share\vm\prims\jvm.cpp, line 1390]
Event: 0.269 Thread 0x000000000174e800 Exception <a 'java/security/PrivilegedActionException'> (0x00000000d66a7150) thrown at [C:\re\workspace\8-2-build-windows-amd64-cygwin\jdk8u144\9417\hotspot\src\share\vm\prims\jvm.cpp, line 1390]
Event: 0.269 Thread 0x000000000174e800 Exception <a 'java/security/PrivilegedActionException'> (0x00000000d66a7360) thrown at [C:\re\workspace\8-2-build-windows-amd64-cygwin\jdk8u144\9417\hotspot\src\share\vm\prims\jvm.cpp, line 1390]
Event: 0.269 Thread 0x000000000174e800 Exception <a 'java/security/PrivilegedActionException'> (0x00000000d66aafd0) thrown at [C:\re\workspace\8-2-build-windows-amd64-cygwin\jdk8u144\9417\hotspot\src\share\vm\prims\jvm.cpp, line 1390]
Event: 0.269 Thread 0x000000000174e800 Exception <a 'java/security/PrivilegedActionException'> (0x00000000d66ab1e0) thrown at [C:\re\workspace\8-2-build-windows-amd64-cygwin\jdk8u144\9417\hotspot\src\share\vm\prims\jvm.cpp, line 1390]

Events (10 events):
Event: 0.686 loading class java/nio/IntBuffer
Event: 0.686 loading class java/nio/IntBuffer done
Event: 0.686 loading class java/nio/FloatBuffer
Event: 0.686 loading class java/nio/FloatBuffer done
Event: 0.686 loading class java/nio/DoubleBuffer
Event: 0.686 loading class java/nio/DoubleBuffer done
Event: 0.718 Thread 0x000000000174e800 DEOPT PACKING pc=0x0000000003275603 sp=0x000000000302d960
Event: 0.718 Thread 0x000000000174e800 DEOPT UNPACKING pc=0x000000000317787f sp=0x000000000302d6c0 mode 0
Event: 0.720 loading class org/bytedeco/javacpp/annotation/Opaque
Event: 0.720 loading class org/bytedeco/javacpp/annotation/Opaque done


Dynamic libraries:
0x00007ff7b6420000 - 0x00007ff7b6457000 	C:\Program Files\Java\jre1.8.0_144\bin\javaw.exe
0x00007ffc479b0000 - 0x00007ffc47b8b000 	C:\Windows\SYSTEM32\ntdll.dll
0x00007ffc44fd0000 - 0x00007ffc4507e000 	C:\Windows\System32\KERNEL32.DLL
0x00007ffc44ab0000 - 0x00007ffc44cf9000 	C:\Windows\System32\KERNELBASE.dll
0x00007ffc45950000 - 0x00007ffc459f1000 	C:\Windows\System32\ADVAPI32.dll
0x00007ffc47860000 - 0x00007ffc478fd000 	C:\Windows\System32\msvcrt.dll
0x00007ffc45d50000 - 0x00007ffc45da9000 	C:\Windows\System32\sechost.dll
0x00007ffc45c20000 - 0x00007ffc45d45000 	C:\Windows\System32\RPCRT4.dll
0x00007ffc47570000 - 0x00007ffc476ba000 	C:\Windows\System32\USER32.dll
0x00007ffc44d00000 - 0x00007ffc44d1e000 	C:\Windows\System32\win32u.dll
0x00007ffc45840000 - 0x00007ffc45867000 	C:\Windows\System32\GDI32.dll
0x00007ffc44d20000 - 0x00007ffc44ea8000 	C:\Windows\System32\gdi32full.dll
0x00007ffc44720000 - 0x00007ffc447ba000 	C:\Windows\System32\msvcp_win.dll
0x00007ffc44620000 - 0x00007ffc44716000 	C:\Windows\System32\ucrtbase.dll
0x00007ffc37970000 - 0x00007ffc37bd7000 	C:\Windows\WinSxS\amd64_microsoft.windows.common-controls_6595b64144ccf1df_6.0.15063.483_none_26002d27e7c744a2\COMCTL32.dll
0x00007ffc47270000 - 0x00007ffc47569000 	C:\Windows\System32\combase.dll
0x00007ffc44a40000 - 0x00007ffc44aaa000 	C:\Windows\System32\bcryptPrimitives.dll
0x00007ffc45810000 - 0x00007ffc4583d000 	C:\Windows\System32\IMM32.DLL
0x00000000504e0000 - 0x00000000505b2000 	C:\Program Files\Java\jre1.8.0_144\bin\msvcr100.dll
0x0000000050770000 - 0x000000005100d000 	C:\Program Files\Java\jre1.8.0_144\bin\server\jvm.dll
0x00007ffc45940000 - 0x00007ffc45948000 	C:\Windows\System32\PSAPI.DLL
0x00007ffc42200000 - 0x00007ffc42223000 	C:\Windows\SYSTEM32\WINMM.dll
0x00007ffc37ee0000 - 0x00007ffc37eea000 	C:\Windows\SYSTEM32\VERSION.dll
0x00007ffc3b730000 - 0x00007ffc3b739000 	C:\Windows\SYSTEM32\WSOCK32.dll
0x00007ffc45360000 - 0x00007ffc453cc000 	C:\Windows\System32\WS2_32.dll
0x00007ffc41f10000 - 0x00007ffc41f3b000 	C:\Windows\SYSTEM32\WINMMBASE.dll
0x00007ffc43ed0000 - 0x00007ffc43f19000 	C:\Windows\System32\cfgmgr32.dll
0x00000000514c0000 - 0x00000000514cf000 	C:\Program Files\Java\jre1.8.0_144\bin\verify.dll
0x0000000050660000 - 0x0000000050689000 	C:\Program Files\Java\jre1.8.0_144\bin\java.dll
0x0000000050640000 - 0x0000000050656000 	C:\Program Files\Java\jre1.8.0_144\bin\zip.dll
0x00007ffc45e30000 - 0x00007ffc47267000 	C:\Windows\System32\SHELL32.dll
0x00007ffc47900000 - 0x00007ffc479aa000 	C:\Windows\System32\shcore.dll
0x00007ffc43f20000 - 0x00007ffc44613000 	C:\Windows\System32\windows.storage.dll
0x00007ffc44f10000 - 0x00007ffc44f61000 	C:\Windows\System32\shlwapi.dll
0x00007ffc43e60000 - 0x00007ffc43e71000 	C:\Windows\System32\kernel.appcore.dll
0x00007ffc43e80000 - 0x00007ffc43ecc000 	C:\Windows\System32\powrprof.dll
0x00007ffc43e20000 - 0x00007ffc43e35000 	C:\Windows\System32\profapi.dll
0x00007ffc24740000 - 0x00007ffc2482f000 	C:\Users\ThongLee\.javacpp\cache\opencv-windows-x86_64.jar\org\bytedeco\javacpp\windows-x86_64\msvcr120.dll
0x00007ffc28e40000 - 0x00007ffc28ee6000 	C:\Users\ThongLee\.javacpp\cache\opencv-windows-x86_64.jar\org\bytedeco\javacpp\windows-x86_64\msvcp120.dll
0x00007ffc244b0000 - 0x00007ffc24738000 	C:\Users\ThongLee\.javacpp\cache\opencv-windows-x86_64.jar\org\bytedeco\javacpp\windows-x86_64\opencv_core320.dll
0x00007ffc0ad20000 - 0x00007ffc0b082000 	C:\Users\ThongLee\.javacpp\cache\opencv-windows-x86_64.jar\org\bytedeco\javacpp\windows-x86_64\opencv_imgproc320.dll
0x00007ffc09140000 - 0x00007ffc0938a000 	C:\Users\ThongLee\.javacpp\cache\opencv-windows-x86_64.jar\org\bytedeco\javacpp\windows-x86_64\jniopencv_core.dll
0x0000000050620000 - 0x000000005063a000 	C:\Program Files\Java\jre1.8.0_144\bin\net.dll
0x00007ffc436d0000 - 0x00007ffc4372c000 	C:\Windows\system32\mswsock.dll
0x0000000050600000 - 0x0000000050611000 	C:\Program Files\Java\jre1.8.0_144\bin\nio.dll
0x00007ffc243c0000 - 0x00007ffc244b0000 	C:\Users\ThongLee\.javacpp\cache\opencv-windows-x86_64.jar\org\bytedeco\javacpp\windows-x86_64\jniopencv_imgproc.dll
0x00007ffc08e70000 - 0x00007ffc0913a000 	C:\Users\ThongLee\.javacpp\cache\opencv-windows-x86_64.jar\org\bytedeco\javacpp\windows-x86_64\opencv_imgcodecs320.dll
0x00007ffc3f3b0000 - 0x00007ffc3f3d5000 	C:\Users\ThongLee\.javacpp\cache\opencv-windows-x86_64.jar\org\bytedeco\javacpp\windows-x86_64\jniopencv_imgcodecs.dll
0x00007ffc328d0000 - 0x00007ffc32a79000 	C:\Windows\SYSTEM32\dbghelp.dll

VM Arguments:
jvm_args: -Djava.library.path=C:\opencv\build\java\x64 -Dfile.encoding=UTF-8 
java_command: Program
java_class_path (initial): D:\eclipse-workspace\JavaCv1\bin;D:\eclipse-workspace\guava.jar;C:\javacv\artoolkitplus.jar;C:\javacv\artoolkitplus-android-arm.jar;C:\javacv\artoolkitplus-android-x86.jar;C:\javacv\artoolkitplus-linux-armhf.jar;C:\javacv\artoolkitplus-linux-ppc64le.jar;C:\javacv\artoolkitplus-linux-x86.jar;C:\javacv\artoolkitplus-linux-x86_64.jar;C:\javacv\artoolkitplus-macosx-x86_64.jar;C:\javacv\artoolkitplus-platform.jar;C:\javacv\artoolkitplus-windows-x86.jar;C:\javacv\artoolkitplus-windows-x86_64.jar;C:\javacv\ffmpeg.jar;C:\javacv\ffmpeg-android-arm.jar;C:\javacv\ffmpeg-android-x86.jar;C:\javacv\ffmpeg-linux-armhf.jar;C:\javacv\ffmpeg-linux-ppc64le.jar;C:\javacv\ffmpeg-linux-x86.jar;C:\javacv\ffmpeg-linux-x86_64.jar;C:\javacv\ffmpeg-macosx-x86_64.jar;C:\javacv\ffmpeg-platform.jar;C:\javacv\ffmpeg-windows-x86.jar;C:\javacv\ffmpeg-windows-x86_64.jar;C:\javacv\flandmark.jar;C:\javacv\flandmark-android-arm.jar;C:\javacv\flandmark-android-x86.jar;C:\javacv\flandmark-linux-armhf.jar;C:\javacv\flandmark-linux-ppc64le.jar;C:\javacv\flandmark-linux-x86.jar;C:\javacv\flandmark-linux-x86_64.jar;C:\javacv\flandmark-macosx-x86_64.jar;C:\javacv\flandmark-platform.jar;C:\javacv\flandmark-windows-x86.jar;C:\javacv\flandmark-windows-x86_64.jar;C:\javacv\flycapture.jar;C:\javacv\flycapture-linux-armhf.jar;C:\javacv\flycapture-linux-x86.jar;C:\javacv\flycapture-linux-x86_64.jar;C:\javacv\flycapture-platform.jar;C:\javacv\flycapture-windows-x86.jar;C:\javacv\flycapture-windows-x86_64.jar;C:\javacv\javacpp.jar;C:\javacv\javacv.jar;C:\javacv\javacv-platform.jar;C:\javacv\libdc1394.jar;C:\javacv\libdc1394-linux-armhf.jar;C:\javacv\libdc1394-linux-ppc64le.jar;C:\javacv\libdc1394-linux-x86.jar;C:\javacv\libdc1394-linux-x86_64.jar;C:\javacv\libdc1394-macosx-x86_64.jar;C:\javacv\libdc1394-platform.jar;C:\javacv\libdc1394-windows-x86.jar;C:\javacv\libdc1394-windows-x86_64.jar;C:\javacv\libfreenect.jar;C:\javacv\libfreenect2.jar;C:\javacv\libfreenect2-linux-x86.jar;C:\javacv\l
Launcher Type: SUN_STANDARD

Environment Variables:
PATH=C:/Program Files/Java/jre1.8.0_144/bin/server;C:/Program Files/Java/jre1.8.0_144/bin;C:/Program Files/Java/jre1.8.0_144/lib/amd64;C:\ProgramData\Oracle\Java\javapath;C:\Windows\system32;C:\Windows;C:\Windows\System32\Wbem;C:\Windows\System32\WindowsPowerShell\v1.0\;C:\Program Files (x86)\ATI Technologies\ATI.ACE\Core-Static;C:\Program Files\dotnet\;C:\Program Files\Microsoft SQL Server\130\Tools\Binn\;C:\Program Files\Git\cmd;C:\Program Files (x86)\Skype\Phone\;C:\Users\ThongLee\AppData\Local\Android\android-sdk\platform-tools;C:\Program Files\nodejs\;C:\opencv\build\x64\vc14\bin;C:\Program Files\CMake\bin;C:\Users\ThongLee\AppData\Local\Microsoft\WindowsApps;C:\Program Files (x86)\Microsoft VS Code\bin;C:\Progress\OpenEdge\bin;C:\Program Files (x86)\Microsoft SDKs\TypeScript\2.2;C:\Users\ThongLee\AppData\Roaming\npm;C:\eclipse;
USERNAME=ThongLee
OS=Windows_NT
PROCESSOR_IDENTIFIER=Intel64 Family 6 Model 58 Stepping 9, GenuineIntel



---------------  S Y S T E M  ---------------

OS: Windows 10.0 , 64 bit Build 15063 (10.0.15063.296)

CPU:total 4 (initial active 4) (2 cores per cpu, 2 threads per core) family 6 model 58 stepping 9, cmov, cx8, fxsr, mmx, sse, sse2, sse3, ssse3, sse4.1, sse4.2, popcnt, avx, clmul, erms, ht, tsc, tscinvbit, tscinv

Memory: 4k page, physical 8206040k(3763600k free), swap 14473096k(2356932k free)

vm_info: Java HotSpot(TM) 64-Bit Server VM (25.144-b01) for windows-amd64 JRE (1.8.0_144-b01), built on Jul 21 2017 21:57:33 by "java_re" with MS VC++ 10.0 (VS2010)

time: Mon Sep 11 20:37:19 2017
elapsed time: 0 seconds (0d 0h 0m 0s)

